2016-11-07 00:50:16 trace :
------------
String:
<xml><ToUserName><![CDATA[gh_60c53c6273e4]]></ToUserName>
<FromUserName><![CDATA[ozJkmt1SIpGw51EDfUKwNidanG_0]]></FromUserName>
<CreateTime>1478451647</CreateTime>
<MsgType><![CDATA[event]]></MsgType>
<Event><![CDATA[LOCATION]]></Event>
<Latitude>26.849379</Latitude>
<Longitude>119.416504</Longitude>
<Precision>90.000000</Precision>
</xml>

2016-11-07 00:50:16 params :
------------
String:
array (
  'message' => 
  array (
    'tousername' => 'gh_60c53c6273e4',
    'fromusername' => 'ozJkmt1SIpGw51EDfUKwNidanG_0',
    'createtime' => '1478451647',
    'msgtype' => 'event',
    'event' => 'LOCATION',
    'latitude' => '26.849379',
    'longitude' => '119.416504',
    'precision' => '90.000000',
    'from' => 'ozJkmt1SIpGw51EDfUKwNidanG_0',
    'to' => 'gh_60c53c6273e4',
    'time' => '1478451647',
    'type' => 'trace',
    'location_x' => '26.849379',
    'location_y' => '119.416504',
  ),
  'module' => 'default',
  'rule' => '-1',
)

2016-11-07 00:50:16 response :
------------
Array:
errno : -1 ;
message : Invaild value ;

2016-11-07 08:18:09 trace :
------------
String:
<xml><ToUserName><![CDATA[gh_60c53c6273e4]]></ToUserName>
<FromUserName><![CDATA[ozJkmt9mBwDs2IbRyPfqPRFInj0Q]]></FromUserName>
<CreateTime>1478478519</CreateTime>
<MsgType><![CDATA[event]]></MsgType>
<Event><![CDATA[VIEW]]></Event>
<EventKey><![CDATA[http://www.sktdi.com/index.php?s=/Home/Index/index/smappid/7da0c006d2e4d9805738f886ba144546.html]]></EventKey>
<MenuId>407178882</MenuId>
</xml>

2016-11-07 08:18:09 params :
------------
String:
array (
  'rule' => -2,
  'module' => '',
  'message' => 
  array (
    'tousername' => 'gh_60c53c6273e4',
    'fromusername' => 'ozJkmt9mBwDs2IbRyPfqPRFInj0Q',
    'createtime' => '1478478519',
    'msgtype' => 'event',
    'event' => 'VIEW',
    'eventkey' => 'http://www.sktdi.com/index.php?s=/Home/Index/index/smappid/7da0c006d2e4d9805738f886ba144546.html',
    'menuid' => '407178882',
    'from' => 'ozJkmt9mBwDs2IbRyPfqPRFInj0Q',
    'to' => 'gh_60c53c6273e4',
    'time' => '1478478519',
    'type' => 'text',
    'content' => 'http://www.sktdi.com/index.php?s=/Home/Index/index/smappid/7da0c006d2e4d9805738f886ba144546.html',
    'redirection' => true,
    'source' => 'VIEW',
  ),
)

2016-11-07 08:18:09 response :
------------

2016-11-07 08:18:22 trace :
------------
String:
<xml><ToUserName><![CDATA[gh_60c53c6273e4]]></ToUserName>
<FromUserName><![CDATA[ozJkmt9mBwDs2IbRyPfqPRFInj0Q]]></FromUserName>
<CreateTime>1478478534</CreateTime>
<MsgType><![CDATA[event]]></MsgType>
<Event><![CDATA[unsubscribe]]></Event>
<EventKey><![CDATA[]]></EventKey>
</xml>

2016-11-07 09:16:48 trace :
------------
String:
<xml><ToUserName><![CDATA[gh_60c53c6273e4]]></ToUserName>
<FromUserName><![CDATA[ozJkmt5JINNJ0kVphaYjEGfhxajI]]></FromUserName>
<CreateTime>1478482040</CreateTime>
<MsgType><![CDATA[event]]></MsgType>
<Event><![CDATA[VIEW]]></Event>
<EventKey><![CDATA[http://www.sktdi.com/index.php?s=/Home/Nearby/index.html]]></EventKey>
<MenuId>407178882</MenuId>
</xml>

2016-11-07 09:16:48 params :
------------
String:
array (
  'rule' => -2,
  'module' => '',
  'message' => 
  array (
    'tousername' => 'gh_60c53c6273e4',
    'fromusername' => 'ozJkmt5JINNJ0kVphaYjEGfhxajI',
    'createtime' => '1478482040',
    'msgtype' => 'event',
    'event' => 'VIEW',
    'eventkey' => 'http://www.sktdi.com/index.php?s=/Home/Nearby/index.html',
    'menuid' => '407178882',
    'from' => 'ozJkmt5JINNJ0kVphaYjEGfhxajI',
    'to' => 'gh_60c53c6273e4',
    'time' => '1478482040',
    'type' => 'text',
    'content' => 'http://www.sktdi.com/index.php?s=/Home/Nearby/index.html',
    'redirection' => true,
    'source' => 'VIEW',
  ),
)

2016-11-07 09:16:48 response :
------------

2016-11-07 09:17:12 trace :
------------
String:
<xml><ToUserName><![CDATA[gh_60c53c6273e4]]></ToUserName>
<FromUserName><![CDATA[ozJkmt5JINNJ0kVphaYjEGfhxajI]]></FromUserName>
<CreateTime>1478482064</CreateTime>
<MsgType><![CDATA[event]]></MsgType>
<Event><![CDATA[LOCATION]]></Event>
<Latitude>35.570210</Latitude>
<Longitude>115.490654</Longitude>
<Precision>40.000000</Precision>
</xml>

2016-11-07 09:17:12 params :
------------
String:
array (
  'message' => 
  array (
    'tousername' => 'gh_60c53c6273e4',
    'fromusername' => 'ozJkmt5JINNJ0kVphaYjEGfhxajI',
    'createtime' => '1478482064',
    'msgtype' => 'event',
    'event' => 'LOCATION',
    'latitude' => '35.570210',
    'longitude' => '115.490654',
    'precision' => '40.000000',
    'from' => 'ozJkmt5JINNJ0kVphaYjEGfhxajI',
    'to' => 'gh_60c53c6273e4',
    'time' => '1478482064',
    'type' => 'trace',
    'location_x' => '35.570210',
    'location_y' => '115.490654',
  ),
  'module' => 'default',
  'rule' => '-1',
)

2016-11-07 09:17:12 response :
------------
Array:
errno : -1 ;
message : Invaild value ;

2016-11-07 09:17:15 trace :
------------
String:
<xml><ToUserName><![CDATA[gh_60c53c6273e4]]></ToUserName>
<FromUserName><![CDATA[ozJkmt5JINNJ0kVphaYjEGfhxajI]]></FromUserName>
<CreateTime>1478482067</CreateTime>
<MsgType><![CDATA[event]]></MsgType>
<Event><![CDATA[VIEW]]></Event>
<EventKey><![CDATA[http://www.sktdi.com/index.php?s=/Home/Nearby/index.html]]></EventKey>
<MenuId>407178882</MenuId>
</xml>

2016-11-07 09:17:15 params :
------------
String:
array (
  'rule' => -2,
  'module' => '',
  'message' => 
  array (
    'tousername' => 'gh_60c53c6273e4',
    'fromusername' => 'ozJkmt5JINNJ0kVphaYjEGfhxajI',
    'createtime' => '1478482067',
    'msgtype' => 'event',
    'event' => 'VIEW',
    'eventkey' => 'http://www.sktdi.com/index.php?s=/Home/Nearby/index.html',
    'menuid' => '407178882',
    'from' => 'ozJkmt5JINNJ0kVphaYjEGfhxajI',
    'to' => 'gh_60c53c6273e4',
    'time' => '1478482067',
    'type' => 'text',
    'content' => 'http://www.sktdi.com/index.php?s=/Home/Nearby/index.html',
    'redirection' => true,
    'source' => 'VIEW',
  ),
)

2016-11-07 09:17:15 response :
------------

2016-11-07 09:17:27 trace :
------------
String:
<xml><ToUserName><![CDATA[gh_60c53c6273e4]]></ToUserName>
<FromUserName><![CDATA[ozJkmt5JINNJ0kVphaYjEGfhxajI]]></FromUserName>
<CreateTime>1478482079</CreateTime>
<MsgType><![CDATA[event]]></MsgType>
<Event><![CDATA[LOCATION]]></Event>
<Latitude>35.570210</Latitude>
<Longitude>115.490654</Longitude>
<Precision>40.000000</Precision>
</xml>

2016-11-07 09:17:27 params :
------------
String:
array (
  'message' => 
  array (
    'tousername' => 'gh_60c53c6273e4',
    'fromusername' => 'ozJkmt5JINNJ0kVphaYjEGfhxajI',
    'createtime' => '1478482079',
    'msgtype' => 'event',
    'event' => 'LOCATION',
    'latitude' => '35.570210',
    'longitude' => '115.490654',
    'precision' => '40.000000',
    'from' => 'ozJkmt5JINNJ0kVphaYjEGfhxajI',
    'to' => 'gh_60c53c6273e4',
    'time' => '1478482079',
    'type' => 'trace',
    'location_x' => '35.570210',
    'location_y' => '115.490654',
  ),
  'module' => 'default',
  'rule' => '-1',
)

2016-11-07 09:17:27 response :
------------
Array:
errno : -1 ;
message : Invaild value ;

2016-11-07 09:17:28 trace :
------------
String:
<xml><ToUserName><![CDATA[gh_60c53c6273e4]]></ToUserName>
<FromUserName><![CDATA[ozJkmt5JINNJ0kVphaYjEGfhxajI]]></FromUserName>
<CreateTime>1478482080</CreateTime>
<MsgType><![CDATA[event]]></MsgType>
<Event><![CDATA[VIEW]]></Event>
<EventKey><![CDATA[http://www.sktdi.com/index.php?s=/Home/Wechat/sixin.html]]></EventKey>
<MenuId>407178882</MenuId>
</xml>

2016-11-07 09:17:28 params :
------------
String:
array (
  'rule' => -2,
  'module' => '',
  'message' => 
  array (
    'tousername' => 'gh_60c53c6273e4',
    'fromusername' => 'ozJkmt5JINNJ0kVphaYjEGfhxajI',
    'createtime' => '1478482080',
    'msgtype' => 'event',
    'event' => 'VIEW',
    'eventkey' => 'http://www.sktdi.com/index.php?s=/Home/Wechat/sixin.html',
    'menuid' => '407178882',
    'from' => 'ozJkmt5JINNJ0kVphaYjEGfhxajI',
    'to' => 'gh_60c53c6273e4',
    'time' => '1478482080',
    'type' => 'text',
    'content' => 'http://www.sktdi.com/index.php?s=/Home/Wechat/sixin.html',
    'redirection' => true,
    'source' => 'VIEW',
  ),
)

2016-11-07 09:17:28 response :
------------

2016-11-07 09:17:51 trace :
------------
String:
<xml><ToUserName><![CDATA[gh_60c53c6273e4]]></ToUserName>
<FromUserName><![CDATA[ozJkmt5JINNJ0kVphaYjEGfhxajI]]></FromUserName>
<CreateTime>1478482103</CreateTime>
<MsgType><![CDATA[event]]></MsgType>
<Event><![CDATA[unsubscribe]]></Event>
<EventKey><![CDATA[]]></EventKey>
</xml>

2016-11-07 10:36:35 trace :
------------
String:
<xml><ToUserName><![CDATA[gh_60c53c6273e4]]></ToUserName>
<FromUserName><![CDATA[ozJkmt4EVRLFlD56N48B8gfNyaLw]]></FromUserName>
<CreateTime>1478486827</CreateTime>
<MsgType><![CDATA[text]]></MsgType>
<Content><![CDATA[http://www.wyb99.com/app/index.php?i=2&c=entry&do=index&m=qw_cca]]></Content>
<MsgId>6350052569939109639</MsgId>
</xml>

2016-11-07 10:36:35 params :
------------
String:
array (
  'rule' => -2,
  'module' => '',
  'message' => 
  array (
    'tousername' => 'gh_60c53c6273e4',
    'fromusername' => 'ozJkmt4EVRLFlD56N48B8gfNyaLw',
    'createtime' => '1478486827',
    'msgtype' => 'text',
    'content' => 'http://www.wyb99.com/app/index.php?i=2&c=entry&do=index&m=qw_cca',
    'msgid' => '6350052569939109639',
    'from' => 'ozJkmt4EVRLFlD56N48B8gfNyaLw',
    'to' => 'gh_60c53c6273e4',
    'time' => '1478486827',
    'type' => 'text',
    'event' => NULL,
    'redirection' => false,
    'source' => NULL,
  ),
)

2016-11-07 10:36:35 response :
------------

2016-11-07 10:38:20 trace :
------------
String:
<xml><ToUserName><![CDATA[gh_60c53c6273e4]]></ToUserName>
<FromUserName><![CDATA[ozJkmt4EVRLFlD56N48B8gfNyaLw]]></FromUserName>
<CreateTime>1478486932</CreateTime>
<MsgType><![CDATA[event]]></MsgType>
<Event><![CDATA[LOCATION]]></Event>
<Latitude>23.347393</Latitude>
<Longitude>113.286774</Longitude>
<Precision>65.000000</Precision>
</xml>

2016-11-07 10:38:20 params :
------------
String:
array (
  'message' => 
  array (
    'tousername' => 'gh_60c53c6273e4',
    'fromusername' => 'ozJkmt4EVRLFlD56N48B8gfNyaLw',
    'createtime' => '1478486932',
    'msgtype' => 'event',
    'event' => 'LOCATION',
    'latitude' => '23.347393',
    'longitude' => '113.286774',
    'precision' => '65.000000',
    'from' => 'ozJkmt4EVRLFlD56N48B8gfNyaLw',
    'to' => 'gh_60c53c6273e4',
    'time' => '1478486932',
    'type' => 'trace',
    'location_x' => '23.347393',
    'location_y' => '113.286774',
  ),
  'module' => 'default',
  'rule' => '-1',
)

2016-11-07 10:38:20 response :
------------
Array:
errno : -1 ;
message : Invaild value ;

2016-11-07 10:39:08 trace :
------------
String:
<xml><ToUserName><![CDATA[gh_60c53c6273e4]]></ToUserName>
<FromUserName><![CDATA[ozJkmt4EVRLFlD56N48B8gfNyaLw]]></FromUserName>
<CreateTime>1478486980</CreateTime>
<MsgType><![CDATA[text]]></MsgType>
<Content><![CDATA[http://www.wyb99.com/app/index.php?i=2&c=entry&do=cover&m=junsion_promotion]]></Content>
<MsgId>6350053227069106019</MsgId>
</xml>

2016-11-07 10:39:08 params :
------------
String:
array (
  'rule' => -2,
  'module' => '',
  'message' => 
  array (
    'tousername' => 'gh_60c53c6273e4',
    'fromusername' => 'ozJkmt4EVRLFlD56N48B8gfNyaLw',
    'createtime' => '1478486980',
    'msgtype' => 'text',
    'content' => 'http://www.wyb99.com/app/index.php?i=2&c=entry&do=cover&m=junsion_promotion',
    'msgid' => '6350053227069106019',
    'from' => 'ozJkmt4EVRLFlD56N48B8gfNyaLw',
    'to' => 'gh_60c53c6273e4',
    'time' => '1478486980',
    'type' => 'text',
    'event' => NULL,
    'redirection' => false,
    'source' => NULL,
  ),
)

2016-11-07 10:39:08 response :
------------

2016-11-07 10:39:11 trace :
------------
String:
<xml><ToUserName><![CDATA[gh_60c53c6273e4]]></ToUserName>
<FromUserName><![CDATA[ozJkmt4EVRLFlD56N48B8gfNyaLw]]></FromUserName>
<CreateTime>1478486983</CreateTime>
<MsgType><![CDATA[event]]></MsgType>
<Event><![CDATA[LOCATION]]></Event>
<Latitude>23.347536</Latitude>
<Longitude>113.286819</Longitude>
<Precision>65.000000</Precision>
</xml>

2016-11-07 10:39:11 params :
------------
String:
array (
  'message' => 
  array (
    'tousername' => 'gh_60c53c6273e4',
    'fromusername' => 'ozJkmt4EVRLFlD56N48B8gfNyaLw',
    'createtime' => '1478486983',
    'msgtype' => 'event',
    'event' => 'LOCATION',
    'latitude' => '23.347536',
    'longitude' => '113.286819',
    'precision' => '65.000000',
    'from' => 'ozJkmt4EVRLFlD56N48B8gfNyaLw',
    'to' => 'gh_60c53c6273e4',
    'time' => '1478486983',
    'type' => 'trace',
    'location_x' => '23.347536',
    'location_y' => '113.286819',
  ),
  'module' => 'default',
  'rule' => '-1',
)

2016-11-07 10:39:11 response :
------------
Array:
errno : -1 ;
message : Invaild value ;

2016-11-07 10:43:13 trace :
------------
String:
<xml><ToUserName><![CDATA[gh_60c53c6273e4]]></ToUserName>
<FromUserName><![CDATA[ozJkmt4EVRLFlD56N48B8gfNyaLw]]></FromUserName>
<CreateTime>1478487225</CreateTime>
<MsgType><![CDATA[text]]></MsgType>
<Content><![CDATA[http://www.wyb99.com/app/index.php?i=2&c=entry&do=cover&m=junsion_promotion]]></Content>
<MsgId>6350054279336093620</MsgId>
</xml>

2016-11-07 10:43:13 params :
------------
String:
array (
  'rule' => -2,
  'module' => '',
  'message' => 
  array (
    'tousername' => 'gh_60c53c6273e4',
    'fromusername' => 'ozJkmt4EVRLFlD56N48B8gfNyaLw',
    'createtime' => '1478487225',
    'msgtype' => 'text',
    'content' => 'http://www.wyb99.com/app/index.php?i=2&c=entry&do=cover&m=junsion_promotion',
    'msgid' => '6350054279336093620',
    'from' => 'ozJkmt4EVRLFlD56N48B8gfNyaLw',
    'to' => 'gh_60c53c6273e4',
    'time' => '1478487225',
    'type' => 'text',
    'event' => NULL,
    'redirection' => false,
    'source' => NULL,
  ),
)

2016-11-07 10:43:13 response :
------------

2016-11-07 10:47:10 trace :
------------
String:
<xml><ToUserName><![CDATA[gh_60c53c6273e4]]></ToUserName>
<FromUserName><![CDATA[ozJkmt4EVRLFlD56N48B8gfNyaLw]]></FromUserName>
<CreateTime>1478487462</CreateTime>
<MsgType><![CDATA[event]]></MsgType>
<Event><![CDATA[LOCATION]]></Event>
<Latitude>23.347591</Latitude>
<Longitude>113.286804</Longitude>
<Precision>65.000000</Precision>
</xml>

2016-11-07 10:47:10 params :
------------
String:
array (
  'message' => 
  array (
    'tousername' => 'gh_60c53c6273e4',
    'fromusername' => 'ozJkmt4EVRLFlD56N48B8gfNyaLw',
    'createtime' => '1478487462',
    'msgtype' => 'event',
    'event' => 'LOCATION',
    'latitude' => '23.347591',
    'longitude' => '113.286804',
    'precision' => '65.000000',
    'from' => 'ozJkmt4EVRLFlD56N48B8gfNyaLw',
    'to' => 'gh_60c53c6273e4',
    'time' => '1478487462',
    'type' => 'trace',
    'location_x' => '23.347591',
    'location_y' => '113.286804',
  ),
  'module' => 'default',
  'rule' => '-1',
)

2016-11-07 10:47:10 response :
------------
Array:
errno : -1 ;
message : Invaild value ;

2016-11-07 10:47:11 trace :
------------
String:
<xml><ToUserName><![CDATA[gh_60c53c6273e4]]></ToUserName>
<FromUserName><![CDATA[ozJkmt4EVRLFlD56N48B8gfNyaLw]]></FromUserName>
<CreateTime>1478487463</CreateTime>
<MsgType><![CDATA[event]]></MsgType>
<Event><![CDATA[VIEW]]></Event>
<EventKey><![CDATA[http://www.sktdi.com/index.php?s=/Home/Wechat/sixin.html]]></EventKey>
<MenuId>407178882</MenuId>
</xml>

2016-11-07 10:47:11 params :
------------
String:
array (
  'rule' => -2,
  'module' => '',
  'message' => 
  array (
    'tousername' => 'gh_60c53c6273e4',
    'fromusername' => 'ozJkmt4EVRLFlD56N48B8gfNyaLw',
    'createtime' => '1478487463',
    'msgtype' => 'event',
    'event' => 'VIEW',
    'eventkey' => 'http://www.sktdi.com/index.php?s=/Home/Wechat/sixin.html',
    'menuid' => '407178882',
    'from' => 'ozJkmt4EVRLFlD56N48B8gfNyaLw',
    'to' => 'gh_60c53c6273e4',
    'time' => '1478487463',
    'type' => 'text',
    'content' => 'http://www.sktdi.com/index.php?s=/Home/Wechat/sixin.html',
    'redirection' => true,
    'source' => 'VIEW',
  ),
)

2016-11-07 10:47:11 response :
------------

2016-11-07 13:56:36 trace :
------------
String:
<xml><ToUserName><![CDATA[gh_60c53c6273e4]]></ToUserName>
<FromUserName><![CDATA[ozJkmt9eiGVbDfbF2lU9Kfx2Z-4g]]></FromUserName>
<CreateTime>1478498828</CreateTime>
<MsgType><![CDATA[event]]></MsgType>
<Event><![CDATA[VIEW]]></Event>
<EventKey><![CDATA[http://www.sktdi.com/index.php?s=/Home/Index/index/smappid/7da0c006d2e4d9805738f886ba144546.html]]></EventKey>
<MenuId>407178882</MenuId>
</xml>

2016-11-07 13:56:36 params :
------------
String:
array (
  'rule' => -2,
  'module' => '',
  'message' => 
  array (
    'tousername' => 'gh_60c53c6273e4',
    'fromusername' => 'ozJkmt9eiGVbDfbF2lU9Kfx2Z-4g',
    'createtime' => '1478498828',
    'msgtype' => 'event',
    'event' => 'VIEW',
    'eventkey' => 'http://www.sktdi.com/index.php?s=/Home/Index/index/smappid/7da0c006d2e4d9805738f886ba144546.html',
    'menuid' => '407178882',
    'from' => 'ozJkmt9eiGVbDfbF2lU9Kfx2Z-4g',
    'to' => 'gh_60c53c6273e4',
    'time' => '1478498828',
    'type' => 'text',
    'content' => 'http://www.sktdi.com/index.php?s=/Home/Index/index/smappid/7da0c006d2e4d9805738f886ba144546.html',
    'redirection' => true,
    'source' => 'VIEW',
  ),
)

2016-11-07 13:56:36 response :
------------

2016-11-07 13:57:10 trace :
------------
String:
<xml><ToUserName><![CDATA[gh_60c53c6273e4]]></ToUserName>
<FromUserName><![CDATA[ozJkmt9eiGVbDfbF2lU9Kfx2Z-4g]]></FromUserName>
<CreateTime>1478498863</CreateTime>
<MsgType><![CDATA[event]]></MsgType>
<Event><![CDATA[VIEW]]></Event>
<EventKey><![CDATA[http://www.sktdi.com/index.php?s=/Home/Index/index/smappid/7da0c006d2e4d9805738f886ba144546.html]]></EventKey>
<MenuId>407178882</MenuId>
</xml>

2016-11-07 13:57:10 params :
------------
String:
array (
  'rule' => -2,
  'module' => '',
  'message' => 
  array (
    'tousername' => 'gh_60c53c6273e4',
    'fromusername' => 'ozJkmt9eiGVbDfbF2lU9Kfx2Z-4g',
    'createtime' => '1478498863',
    'msgtype' => 'event',
    'event' => 'VIEW',
    'eventkey' => 'http://www.sktdi.com/index.php?s=/Home/Index/index/smappid/7da0c006d2e4d9805738f886ba144546.html',
    'menuid' => '407178882',
    'from' => 'ozJkmt9eiGVbDfbF2lU9Kfx2Z-4g',
    'to' => 'gh_60c53c6273e4',
    'time' => '1478498863',
    'type' => 'text',
    'content' => 'http://www.sktdi.com/index.php?s=/Home/Index/index/smappid/7da0c006d2e4d9805738f886ba144546.html',
    'redirection' => true,
    'source' => 'VIEW',
  ),
)

2016-11-07 13:57:10 response :
------------

2016-11-07 13:57:17 trace :
------------
String:
<xml><ToUserName><![CDATA[gh_60c53c6273e4]]></ToUserName>
<FromUserName><![CDATA[ozJkmt9eiGVbDfbF2lU9Kfx2Z-4g]]></FromUserName>
<CreateTime>1478498870</CreateTime>
<MsgType><![CDATA[event]]></MsgType>
<Event><![CDATA[VIEW]]></Event>
<EventKey><![CDATA[http://www.sktdi.com/index.php?s=/Home/Nearby/index.html]]></EventKey>
<MenuId>407178882</MenuId>
</xml>

2016-11-07 13:57:17 params :
------------
String:
array (
  'rule' => -2,
  'module' => '',
  'message' => 
  array (
    'tousername' => 'gh_60c53c6273e4',
    'fromusername' => 'ozJkmt9eiGVbDfbF2lU9Kfx2Z-4g',
    'createtime' => '1478498870',
    'msgtype' => 'event',
    'event' => 'VIEW',
    'eventkey' => 'http://www.sktdi.com/index.php?s=/Home/Nearby/index.html',
    'menuid' => '407178882',
    'from' => 'ozJkmt9eiGVbDfbF2lU9Kfx2Z-4g',
    'to' => 'gh_60c53c6273e4',
    'time' => '1478498870',
    'type' => 'text',
    'content' => 'http://www.sktdi.com/index.php?s=/Home/Nearby/index.html',
    'redirection' => true,
    'source' => 'VIEW',
  ),
)

2016-11-07 13:57:17 response :
------------

2016-11-07 15:01:44 trace :
------------
String:
<xml><ToUserName><![CDATA[gh_60c53c6273e4]]></ToUserName>
<FromUserName><![CDATA[ozJkmt3F4OfFyMBm8YIo_XpodmSA]]></FromUserName>
<CreateTime>1478502736</CreateTime>
<MsgType><![CDATA[event]]></MsgType>
<Event><![CDATA[subscribe]]></Event>
<EventKey><![CDATA[]]></EventKey>
</xml>

2016-11-07 15:01:44 params :
------------
String:
array (
  'rule' => -2,
  'module' => '',
  'message' => 
  array (
    'tousername' => 'gh_60c53c6273e4',
    'fromusername' => 'ozJkmt3F4OfFyMBm8YIo_XpodmSA',
    'createtime' => '1478502736',
    'msgtype' => 'event',
    'event' => 'subscribe',
    'eventkey' => '',
    'from' => 'ozJkmt3F4OfFyMBm8YIo_XpodmSA',
    'to' => 'gh_60c53c6273e4',
    'time' => '1478502736',
    'type' => 'text',
    'redirection' => true,
    'source' => 'subscribe',
  ),
)

2016-11-07 15:01:44 response :
------------

2016-11-07 15:01:47 trace :
------------
String:
<xml><ToUserName><![CDATA[gh_60c53c6273e4]]></ToUserName>
<FromUserName><![CDATA[ozJkmt3F4OfFyMBm8YIo_XpodmSA]]></FromUserName>
<CreateTime>1478502740</CreateTime>
<MsgType><![CDATA[event]]></MsgType>
<Event><![CDATA[LOCATION]]></Event>
<Latitude>24.479338</Latitude>
<Longitude>118.117523</Longitude>
<Precision>1110.000000</Precision>
</xml>

2016-11-07 15:01:47 params :
------------
String:
array (
  'message' => 
  array (
    'tousername' => 'gh_60c53c6273e4',
    'fromusername' => 'ozJkmt3F4OfFyMBm8YIo_XpodmSA',
    'createtime' => '1478502740',
    'msgtype' => 'event',
    'event' => 'LOCATION',
    'latitude' => '24.479338',
    'longitude' => '118.117523',
    'precision' => '1110.000000',
    'from' => 'ozJkmt3F4OfFyMBm8YIo_XpodmSA',
    'to' => 'gh_60c53c6273e4',
    'time' => '1478502740',
    'type' => 'trace',
    'location_x' => '24.479338',
    'location_y' => '118.117523',
  ),
  'module' => 'default',
  'rule' => '-1',
)

2016-11-07 15:01:47 response :
------------
Array:
errno : -1 ;
message : Invaild value ;

2016-11-07 15:01:50 trace :
------------
String:
<xml><ToUserName><![CDATA[gh_60c53c6273e4]]></ToUserName>
<FromUserName><![CDATA[ozJkmt3F4OfFyMBm8YIo_XpodmSA]]></FromUserName>
<CreateTime>1478502743</CreateTime>
<MsgType><![CDATA[event]]></MsgType>
<Event><![CDATA[VIEW]]></Event>
<EventKey><![CDATA[http://www.sktdi.com/index.php?s=/Home/Index/index/smappid/7da0c006d2e4d9805738f886ba144546.html]]></EventKey>
<MenuId>407178882</MenuId>
</xml>

2016-11-07 15:01:50 params :
------------
String:
array (
  'rule' => -2,
  'module' => '',
  'message' => 
  array (
    'tousername' => 'gh_60c53c6273e4',
    'fromusername' => 'ozJkmt3F4OfFyMBm8YIo_XpodmSA',
    'createtime' => '1478502743',
    'msgtype' => 'event',
    'event' => 'VIEW',
    'eventkey' => 'http://www.sktdi.com/index.php?s=/Home/Index/index/smappid/7da0c006d2e4d9805738f886ba144546.html',
    'menuid' => '407178882',
    'from' => 'ozJkmt3F4OfFyMBm8YIo_XpodmSA',
    'to' => 'gh_60c53c6273e4',
    'time' => '1478502743',
    'type' => 'text',
    'content' => 'http://www.sktdi.com/index.php?s=/Home/Index/index/smappid/7da0c006d2e4d9805738f886ba144546.html',
    'redirection' => true,
    'source' => 'VIEW',
  ),
)

2016-11-07 15:01:50 response :
------------

2016-11-07 15:02:30 trace :
------------
String:
<xml><ToUserName><![CDATA[gh_60c53c6273e4]]></ToUserName>
<FromUserName><![CDATA[ozJkmt3F4OfFyMBm8YIo_XpodmSA]]></FromUserName>
<CreateTime>1478502782</CreateTime>
<MsgType><![CDATA[event]]></MsgType>
<Event><![CDATA[LOCATION]]></Event>
<Latitude>24.479338</Latitude>
<Longitude>118.117523</Longitude>
<Precision>1110.000000</Precision>
</xml>

2016-11-07 15:02:30 params :
------------
String:
array (
  'message' => 
  array (
    'tousername' => 'gh_60c53c6273e4',
    'fromusername' => 'ozJkmt3F4OfFyMBm8YIo_XpodmSA',
    'createtime' => '1478502782',
    'msgtype' => 'event',
    'event' => 'LOCATION',
    'latitude' => '24.479338',
    'longitude' => '118.117523',
    'precision' => '1110.000000',
    'from' => 'ozJkmt3F4OfFyMBm8YIo_XpodmSA',
    'to' => 'gh_60c53c6273e4',
    'time' => '1478502782',
    'type' => 'trace',
    'location_x' => '24.479338',
    'location_y' => '118.117523',
  ),
  'module' => 'default',
  'rule' => '-1',
)

2016-11-07 15:02:30 response :
------------
Array:
errno : -1 ;
message : Invaild value ;

2016-11-07 15:02:30 trace :
------------
String:
<xml><ToUserName><![CDATA[gh_60c53c6273e4]]></ToUserName>
<FromUserName><![CDATA[ozJkmt3F4OfFyMBm8YIo_XpodmSA]]></FromUserName>
<CreateTime>1478502783</CreateTime>
<MsgType><![CDATA[event]]></MsgType>
<Event><![CDATA[VIEW]]></Event>
<EventKey><![CDATA[http://www.sktdi.com/index.php?s=/Home/Nearby/index.html]]></EventKey>
<MenuId>407178882</MenuId>
</xml>

2016-11-07 15:02:30 params :
------------
String:
array (
  'rule' => -2,
  'module' => '',
  'message' => 
  array (
    'tousername' => 'gh_60c53c6273e4',
    'fromusername' => 'ozJkmt3F4OfFyMBm8YIo_XpodmSA',
    'createtime' => '1478502783',
    'msgtype' => 'event',
    'event' => 'VIEW',
    'eventkey' => 'http://www.sktdi.com/index.php?s=/Home/Nearby/index.html',
    'menuid' => '407178882',
    'from' => 'ozJkmt3F4OfFyMBm8YIo_XpodmSA',
    'to' => 'gh_60c53c6273e4',
    'time' => '1478502783',
    'type' => 'text',
    'content' => 'http://www.sktdi.com/index.php?s=/Home/Nearby/index.html',
    'redirection' => true,
    'source' => 'VIEW',
  ),
)

2016-11-07 15:02:30 response :
------------

2016-11-07 15:02:33 trace :
------------
String:
<xml><ToUserName><![CDATA[gh_60c53c6273e4]]></ToUserName>
<FromUserName><![CDATA[ozJkmt3F4OfFyMBm8YIo_XpodmSA]]></FromUserName>
<CreateTime>1478502785</CreateTime>
<MsgType><![CDATA[event]]></MsgType>
<Event><![CDATA[VIEW]]></Event>
<EventKey><![CDATA[http://www.sktdi.com/index.php?s=/Home/Wechat/sixin.html]]></EventKey>
<MenuId>407178882</MenuId>
</xml>

2016-11-07 15:02:33 params :
------------
String:
array (
  'rule' => -2,
  'module' => '',
  'message' => 
  array (
    'tousername' => 'gh_60c53c6273e4',
    'fromusername' => 'ozJkmt3F4OfFyMBm8YIo_XpodmSA',
    'createtime' => '1478502785',
    'msgtype' => 'event',
    'event' => 'VIEW',
    'eventkey' => 'http://www.sktdi.com/index.php?s=/Home/Wechat/sixin.html',
    'menuid' => '407178882',
    'from' => 'ozJkmt3F4OfFyMBm8YIo_XpodmSA',
    'to' => 'gh_60c53c6273e4',
    'time' => '1478502785',
    'type' => 'text',
    'content' => 'http://www.sktdi.com/index.php?s=/Home/Wechat/sixin.html',
    'redirection' => true,
    'source' => 'VIEW',
  ),
)

2016-11-07 15:02:33 response :
------------

2016-11-07 15:02:47 trace :
------------
String:
<xml><ToUserName><![CDATA[gh_60c53c6273e4]]></ToUserName>
<FromUserName><![CDATA[ozJkmt3F4OfFyMBm8YIo_XpodmSA]]></FromUserName>
<CreateTime>1478502800</CreateTime>
<MsgType><![CDATA[event]]></MsgType>
<Event><![CDATA[unsubscribe]]></Event>
<EventKey><![CDATA[]]></EventKey>
</xml>

2016-11-07 19:38:29 trace :
------------
String:
<xml><ToUserName><![CDATA[gh_60c53c6273e4]]></ToUserName>
<FromUserName><![CDATA[ozJkmt0BQXAqzvwypwVGIFt0AvhU]]></FromUserName>
<CreateTime>1478519342</CreateTime>
<MsgType><![CDATA[event]]></MsgType>
<Event><![CDATA[unsubscribe]]></Event>
<EventKey><![CDATA[]]></EventKey>
</xml>

2016-11-07 21:17:49 trace :
------------
String:
<xml><ToUserName><![CDATA[gh_60c53c6273e4]]></ToUserName>
<FromUserName><![CDATA[ozJkmt8LYT47xA9IPEGvWSGuDHVk]]></FromUserName>
<CreateTime>1478525301</CreateTime>
<MsgType><![CDATA[event]]></MsgType>
<Event><![CDATA[VIEW]]></Event>
<EventKey><![CDATA[http://www.sktdi.com/index.php?s=/Home/Index/index/smappid/7da0c006d2e4d9805738f886ba144546.html]]></EventKey>
<MenuId>407178882</MenuId>
</xml>

2016-11-07 21:17:49 params :
------------
String:
array (
  'rule' => -2,
  'module' => '',
  'message' => 
  array (
    'tousername' => 'gh_60c53c6273e4',
    'fromusername' => 'ozJkmt8LYT47xA9IPEGvWSGuDHVk',
    'createtime' => '1478525301',
    'msgtype' => 'event',
    'event' => 'VIEW',
    'eventkey' => 'http://www.sktdi.com/index.php?s=/Home/Index/index/smappid/7da0c006d2e4d9805738f886ba144546.html',
    'menuid' => '407178882',
    'from' => 'ozJkmt8LYT47xA9IPEGvWSGuDHVk',
    'to' => 'gh_60c53c6273e4',
    'time' => '1478525301',
    'type' => 'text',
    'content' => 'http://www.sktdi.com/index.php?s=/Home/Index/index/smappid/7da0c006d2e4d9805738f886ba144546.html',
    'redirection' => true,
    'source' => 'VIEW',
  ),
)

2016-11-07 21:17:49 response :
------------

