2016-12-08 05:57:09 trace :
------------
String:
<xml><ToUserName><![CDATA[gh_60c53c6273e4]]></ToUserName>
<FromUserName><![CDATA[ozJkmt0OIZyoKjC4JR4HAztKflP0]]></FromUserName>
<CreateTime>1481147764</CreateTime>
<MsgType><![CDATA[event]]></MsgType>
<Event><![CDATA[unsubscribe]]></Event>
<EventKey><![CDATA[]]></EventKey>
</xml>

2016-12-08 11:30:37 trace :
------------
String:
<xml><ToUserName><![CDATA[gh_60c53c6273e4]]></ToUserName>
<FromUserName><![CDATA[ozJkmt2wEmgioSlGlTRWfQvtGv-k]]></FromUserName>
<CreateTime>1481167764</CreateTime>
<MsgType><![CDATA[event]]></MsgType>
<Event><![CDATA[subscribe]]></Event>
<EventKey><![CDATA[]]></EventKey>
</xml>

2016-12-08 11:30:37 params :
------------
String:
array (
  'rule' => -2,
  'module' => '',
  'message' => 
  array (
    'tousername' => 'gh_60c53c6273e4',
    'fromusername' => 'ozJkmt2wEmgioSlGlTRWfQvtGv-k',
    'createtime' => '1481167764',
    'msgtype' => 'event',
    'event' => 'subscribe',
    'eventkey' => '',
    'from' => 'ozJkmt2wEmgioSlGlTRWfQvtGv-k',
    'to' => 'gh_60c53c6273e4',
    'time' => '1481167764',
    'type' => 'text',
    'redirection' => true,
    'source' => 'subscribe',
  ),
)

2016-12-08 11:30:37 response :
------------

2016-12-08 11:30:40 trace :
------------
String:
<xml><ToUserName><![CDATA[gh_60c53c6273e4]]></ToUserName>
<FromUserName><![CDATA[ozJkmt2wEmgioSlGlTRWfQvtGv-k]]></FromUserName>
<CreateTime>1481167764</CreateTime>
<MsgType><![CDATA[event]]></MsgType>
<Event><![CDATA[subscribe]]></Event>
<EventKey><![CDATA[]]></EventKey>
</xml>

2016-12-08 11:30:40 params :
------------
String:
array (
  'rule' => -2,
  'module' => '',
  'message' => 
  array (
    'tousername' => 'gh_60c53c6273e4',
    'fromusername' => 'ozJkmt2wEmgioSlGlTRWfQvtGv-k',
    'createtime' => '1481167764',
    'msgtype' => 'event',
    'event' => 'subscribe',
    'eventkey' => '',
    'from' => 'ozJkmt2wEmgioSlGlTRWfQvtGv-k',
    'to' => 'gh_60c53c6273e4',
    'time' => '1481167764',
    'type' => 'text',
    'redirection' => true,
    'source' => 'subscribe',
  ),
)

2016-12-08 11:30:40 response :
------------

2016-12-08 11:30:44 trace :
------------
String:
<xml><ToUserName><![CDATA[gh_60c53c6273e4]]></ToUserName>
<FromUserName><![CDATA[ozJkmt2wEmgioSlGlTRWfQvtGv-k]]></FromUserName>
<CreateTime>1481167774</CreateTime>
<MsgType><![CDATA[event]]></MsgType>
<Event><![CDATA[unsubscribe]]></Event>
<EventKey><![CDATA[]]></EventKey>
</xml>

2016-12-08 18:45:15 trace :
------------
String:
<xml><ToUserName><![CDATA[gh_60c53c6273e4]]></ToUserName>
<FromUserName><![CDATA[ozJkmt5vyKogGkFGwM4lT76XRLrk]]></FromUserName>
<CreateTime>1481193900</CreateTime>
<MsgType><![CDATA[event]]></MsgType>
<Event><![CDATA[unsubscribe]]></Event>
<EventKey><![CDATA[]]></EventKey>
</xml>

