2016-12-11 15:45:37 trace :
------------
String:
<xml><ToUserName><![CDATA[toUser]]></ToUserName><FromUserName><![CDATA[fromUser]]></FromUserName><CreateTime>1481442486</CreateTime><MsgType><![CDATA[text]]></MsgType><Content><![CDATA[测试内容]]></Content><MsgId>1234567890123456</MsgId></xml>

2016-12-11 15:45:38 params :
------------
String:
array (
  'rule' => -2,
  'module' => '',
  'message' => 
  array (
    'tousername' => 'toUser',
    'fromusername' => 'fromUser',
    'createtime' => '1481442486',
    'msgtype' => 'text',
    'content' => '测试内容',
    'msgid' => '1234567890123456',
    'from' => 'fromUser',
    'to' => 'toUser',
    'time' => '1481442486',
    'type' => 'text',
    'event' => NULL,
    'redirection' => false,
    'source' => NULL,
  ),
)

2016-12-11 15:45:38 response :
------------

2016-12-11 16:27:40 trace :
------------
String:
<xml><ToUserName><![CDATA[gh_60c53c6273e4]]></ToUserName>
<FromUserName><![CDATA[ozJkmt4EVRLFlD56N48B8gfNyaLw]]></FromUserName>
<CreateTime>1481444938</CreateTime>
<MsgType><![CDATA[event]]></MsgType>
<Event><![CDATA[LOCATION]]></Event>
<Latitude>23.381632</Latitude>
<Longitude>113.225098</Longitude>
<Precision>5.000000</Precision>
</xml>

2016-12-11 16:27:40 params :
------------
String:
array (
  'message' => 
  array (
    'tousername' => 'gh_60c53c6273e4',
    'fromusername' => 'ozJkmt4EVRLFlD56N48B8gfNyaLw',
    'createtime' => '1481444938',
    'msgtype' => 'event',
    'event' => 'LOCATION',
    'latitude' => '23.381632',
    'longitude' => '113.225098',
    'precision' => '5.000000',
    'from' => 'ozJkmt4EVRLFlD56N48B8gfNyaLw',
    'to' => 'gh_60c53c6273e4',
    'time' => '1481444938',
    'type' => 'trace',
    'location_x' => '23.381632',
    'location_y' => '113.225098',
  ),
  'module' => 'default',
  'rule' => '-1',
)

2016-12-11 16:27:40 response :
------------
Array:
errno : -1 ;
message : Invaild value ;

2016-12-11 20:02:27 trace :
------------
String:
<xml><ToUserName><![CDATA[gh_60c53c6273e4]]></ToUserName>
<FromUserName><![CDATA[ozJkmt4EVRLFlD56N48B8gfNyaLw]]></FromUserName>
<CreateTime>1481457873</CreateTime>
<MsgType><![CDATA[event]]></MsgType>
<Event><![CDATA[LOCATION]]></Event>
<Latitude>23.347631</Latitude>
<Longitude>113.286812</Longitude>
<Precision>65.000000</Precision>
</xml>

2016-12-11 20:02:28 params :
------------
String:
array (
  'message' => 
  array (
    'tousername' => 'gh_60c53c6273e4',
    'fromusername' => 'ozJkmt4EVRLFlD56N48B8gfNyaLw',
    'createtime' => '1481457873',
    'msgtype' => 'event',
    'event' => 'LOCATION',
    'latitude' => '23.347631',
    'longitude' => '113.286812',
    'precision' => '65.000000',
    'from' => 'ozJkmt4EVRLFlD56N48B8gfNyaLw',
    'to' => 'gh_60c53c6273e4',
    'time' => '1481457873',
    'type' => 'trace',
    'location_x' => '23.347631',
    'location_y' => '113.286812',
  ),
  'module' => 'default',
  'rule' => '-1',
)

2016-12-11 20:02:28 response :
------------
Array:
errno : -1 ;
message : Invaild value ;

2016-12-11 20:02:37 trace :
------------
String:
<xml><ToUserName><![CDATA[gh_60c53c6273e4]]></ToUserName>
<FromUserName><![CDATA[ozJkmt4EVRLFlD56N48B8gfNyaLw]]></FromUserName>
<CreateTime>1481457882</CreateTime>
<MsgType><![CDATA[text]]></MsgType>
<Content><![CDATA[约爱]]></Content>
<MsgId>6362813153999298483</MsgId>
</xml>

2016-12-11 20:02:37 params :
------------
String:
array (
  'message' => 
  array (
    'tousername' => 'gh_60c53c6273e4',
    'fromusername' => 'ozJkmt4EVRLFlD56N48B8gfNyaLw',
    'createtime' => '1481457882',
    'msgtype' => 'text',
    'content' => '约爱',
    'msgid' => '6362813153999298483',
    'from' => 'ozJkmt4EVRLFlD56N48B8gfNyaLw',
    'to' => 'gh_60c53c6273e4',
    'time' => '1481457882',
    'type' => 'text',
    'event' => NULL,
    'redirection' => false,
    'source' => NULL,
  ),
  'module' => 'cover',
  'rule' => '12',
  'priority' => '0',
  'keyword' => 
  array (
    'id' => '22',
    'rid' => '12',
    'uniacid' => '1',
    'module' => 'cover',
    'content' => '约爱',
    'type' => '1',
    'displayorder' => '0',
    'status' => '1',
  ),
)

2016-12-11 20:02:37 response :
------------
Array:
FromUserName : gh_60c53c6273e4 ;
ToUserName : ozJkmt4EVRLFlD56N48B8gfNyaLw ;
MsgType : news ;
ArticleCount : 1 ;
Articles : Array ;

