2016-12-13 08:04:22 trace :
------------
String:
<xml><ToUserName><![CDATA[gh_60c53c6273e4]]></ToUserName>
<FromUserName><![CDATA[ozJkmt4EVRLFlD56N48B8gfNyaLw]]></FromUserName>
<CreateTime>1481587447</CreateTime>
<MsgType><![CDATA[event]]></MsgType>
<Event><![CDATA[SCAN]]></Event>
<EventKey><![CDATA[aa]]></EventKey>
<Ticket><![CDATA[gQFt8DwAAAAAAAAAAS5odHRwOi8vd2VpeGluLnFxLmNvbS9xLzAyMEFPT0l4Y3A4Q1QxMDAwME0wN2MAAgRmNU9YAwQAAAAA]]></Ticket>
</xml>

2016-12-13 08:04:22 trace :
------------
String:
<xml><ToUserName><![CDATA[gh_60c53c6273e4]]></ToUserName>
<FromUserName><![CDATA[ozJkmt4EVRLFlD56N48B8gfNyaLw]]></FromUserName>
<CreateTime>1481587447</CreateTime>
<MsgType><![CDATA[event]]></MsgType>
<Event><![CDATA[SCAN]]></Event>
<EventKey><![CDATA[aa]]></EventKey>
<Ticket><![CDATA[gQFt8DwAAAAAAAAAAS5odHRwOi8vd2VpeGluLnFxLmNvbS9xLzAyMEFPT0l4Y3A4Q1QxMDAwME0wN2MAAgRmNU9YAwQAAAAA]]></Ticket>
</xml>

2016-12-13 08:04:22 params :
------------
String:
array (
  'message' => 
  array (
    'tousername' => 'gh_60c53c6273e4',
    'fromusername' => 'ozJkmt4EVRLFlD56N48B8gfNyaLw',
    'createtime' => '1481587447',
    'msgtype' => 'event',
    'event' => 'SCAN',
    'eventkey' => 'aa',
    'ticket' => 'gQFt8DwAAAAAAAAAAS5odHRwOi8vd2VpeGluLnFxLmNvbS9xLzAyMEFPT0l4Y3A4Q1QxMDAwME0wN2MAAgRmNU9YAwQAAAAA',
    'from' => 'ozJkmt4EVRLFlD56N48B8gfNyaLw',
    'to' => 'gh_60c53c6273e4',
    'time' => '1481587447',
    'type' => 'text',
    'scene' => 'aa',
    'redirection' => true,
    'source' => 'qr',
    'content' => '约爱',
  ),
  'module' => 'cover',
  'rule' => '10',
  'priority' => '0',
  'keyword' => 
  array (
    'id' => '19',
    'rid' => '10',
    'uniacid' => '1',
    'module' => 'cover',
    'content' => '约爱',
    'type' => '1',
    'displayorder' => '0',
    'status' => '1',
  ),
)

2016-12-13 08:04:22 params :
------------
String:
array (
  'message' => 
  array (
    'tousername' => 'gh_60c53c6273e4',
    'fromusername' => 'ozJkmt4EVRLFlD56N48B8gfNyaLw',
    'createtime' => '1481587447',
    'msgtype' => 'event',
    'event' => 'SCAN',
    'eventkey' => 'aa',
    'ticket' => 'gQFt8DwAAAAAAAAAAS5odHRwOi8vd2VpeGluLnFxLmNvbS9xLzAyMEFPT0l4Y3A4Q1QxMDAwME0wN2MAAgRmNU9YAwQAAAAA',
    'from' => 'ozJkmt4EVRLFlD56N48B8gfNyaLw',
    'to' => 'gh_60c53c6273e4',
    'time' => '1481587447',
    'type' => 'text',
    'scene' => 'aa',
    'redirection' => true,
    'source' => 'qr',
    'content' => '约爱',
  ),
  'module' => 'cover',
  'rule' => '10',
  'priority' => '0',
  'keyword' => 
  array (
    'id' => '19',
    'rid' => '10',
    'uniacid' => '1',
    'module' => 'cover',
    'content' => '约爱',
    'type' => '1',
    'displayorder' => '0',
    'status' => '1',
  ),
)

2016-12-13 08:04:22 response :
------------
Array:
FromUserName : gh_60c53c6273e4 ;
ToUserName : ozJkmt4EVRLFlD56N48B8gfNyaLw ;
MsgType : news ;
ArticleCount : 1 ;
Articles : Array ;

2016-12-13 08:04:22 response :
------------
Array:
FromUserName : gh_60c53c6273e4 ;
ToUserName : ozJkmt4EVRLFlD56N48B8gfNyaLw ;
MsgType : news ;
ArticleCount : 1 ;
Articles : Array ;

2016-12-13 08:04:24 trace :
------------
String:
<xml><ToUserName><![CDATA[gh_60c53c6273e4]]></ToUserName>
<FromUserName><![CDATA[ozJkmt4EVRLFlD56N48B8gfNyaLw]]></FromUserName>
<CreateTime>1481587449</CreateTime>
<MsgType><![CDATA[event]]></MsgType>
<Event><![CDATA[LOCATION]]></Event>
<Latitude>23.347595</Latitude>
<Longitude>113.286850</Longitude>
<Precision>65.000000</Precision>
</xml>

2016-12-13 08:04:24 params :
------------
String:
array (
  'message' => 
  array (
    'tousername' => 'gh_60c53c6273e4',
    'fromusername' => 'ozJkmt4EVRLFlD56N48B8gfNyaLw',
    'createtime' => '1481587449',
    'msgtype' => 'event',
    'event' => 'LOCATION',
    'latitude' => '23.347595',
    'longitude' => '113.286850',
    'precision' => '65.000000',
    'from' => 'ozJkmt4EVRLFlD56N48B8gfNyaLw',
    'to' => 'gh_60c53c6273e4',
    'time' => '1481587449',
    'type' => 'trace',
    'location_x' => '23.347595',
    'location_y' => '113.286850',
  ),
  'module' => 'default',
  'rule' => '-1',
)

2016-12-13 08:04:24 response :
------------
Array:
errno : -1 ;
message : Invaild value ;

2016-12-13 08:04:33 trace :
------------
String:
<xml><ToUserName><![CDATA[gh_60c53c6273e4]]></ToUserName>
<FromUserName><![CDATA[ozJkmt4EVRLFlD56N48B8gfNyaLw]]></FromUserName>
<CreateTime>1481587458</CreateTime>
<MsgType><![CDATA[event]]></MsgType>
<Event><![CDATA[unsubscribe]]></Event>
<EventKey><![CDATA[]]></EventKey>
</xml>

2016-12-13 08:04:39 trace :
------------
String:
<xml><ToUserName><![CDATA[gh_60c53c6273e4]]></ToUserName>
<FromUserName><![CDATA[ozJkmt4EVRLFlD56N48B8gfNyaLw]]></FromUserName>
<CreateTime>1481587464</CreateTime>
<MsgType><![CDATA[event]]></MsgType>
<Event><![CDATA[subscribe]]></Event>
<EventKey><![CDATA[qrscene_aa]]></EventKey>
<Ticket><![CDATA[gQFt8DwAAAAAAAAAAS5odHRwOi8vd2VpeGluLnFxLmNvbS9xLzAyMEFPT0l4Y3A4Q1QxMDAwME0wN2MAAgRmNU9YAwQAAAAA]]></Ticket>
</xml>

2016-12-13 08:04:39 params :
------------
String:
array (
  'message' => 
  array (
    'tousername' => 'gh_60c53c6273e4',
    'fromusername' => 'ozJkmt4EVRLFlD56N48B8gfNyaLw',
    'createtime' => '1481587464',
    'msgtype' => 'event',
    'event' => 'subscribe',
    'eventkey' => 'qrscene_aa',
    'ticket' => 'gQFt8DwAAAAAAAAAAS5odHRwOi8vd2VpeGluLnFxLmNvbS9xLzAyMEFPT0l4Y3A4Q1QxMDAwME0wN2MAAgRmNU9YAwQAAAAA',
    'from' => 'ozJkmt4EVRLFlD56N48B8gfNyaLw',
    'to' => 'gh_60c53c6273e4',
    'time' => '1481587464',
    'type' => 'text',
    'scene' => 'aa',
    'redirection' => true,
    'source' => 'qr',
    'content' => '约爱',
  ),
  'module' => 'cover',
  'rule' => '10',
  'priority' => '0',
  'keyword' => 
  array (
    'id' => '19',
    'rid' => '10',
    'uniacid' => '1',
    'module' => 'cover',
    'content' => '约爱',
    'type' => '1',
    'displayorder' => '0',
    'status' => '1',
  ),
)

2016-12-13 08:04:39 response :
------------
Array:
FromUserName : gh_60c53c6273e4 ;
ToUserName : ozJkmt4EVRLFlD56N48B8gfNyaLw ;
MsgType : news ;
ArticleCount : 1 ;
Articles : Array ;

2016-12-13 08:04:43 trace :
------------
String:
<xml><ToUserName><![CDATA[gh_60c53c6273e4]]></ToUserName>
<FromUserName><![CDATA[ozJkmt4EVRLFlD56N48B8gfNyaLw]]></FromUserName>
<CreateTime>1481587468</CreateTime>
<MsgType><![CDATA[event]]></MsgType>
<Event><![CDATA[LOCATION]]></Event>
<Latitude>23.347490</Latitude>
<Longitude>113.286781</Longitude>
<Precision>65.000000</Precision>
</xml>

2016-12-13 08:04:44 params :
------------
String:
array (
  'message' => 
  array (
    'tousername' => 'gh_60c53c6273e4',
    'fromusername' => 'ozJkmt4EVRLFlD56N48B8gfNyaLw',
    'createtime' => '1481587468',
    'msgtype' => 'event',
    'event' => 'LOCATION',
    'latitude' => '23.347490',
    'longitude' => '113.286781',
    'precision' => '65.000000',
    'from' => 'ozJkmt4EVRLFlD56N48B8gfNyaLw',
    'to' => 'gh_60c53c6273e4',
    'time' => '1481587468',
    'type' => 'trace',
    'location_x' => '23.347490',
    'location_y' => '113.286781',
  ),
  'module' => 'default',
  'rule' => '-1',
)

2016-12-13 08:04:44 response :
------------
Array:
errno : -1 ;
message : Invaild value ;

2016-12-13 08:12:03 trace :
------------
String:
<xml><ToUserName><![CDATA[gh_60c53c6273e4]]></ToUserName>
<FromUserName><![CDATA[ozJkmt4EVRLFlD56N48B8gfNyaLw]]></FromUserName>
<CreateTime>1481587900</CreateTime>
<MsgType><![CDATA[event]]></MsgType>
<Event><![CDATA[CLICK]]></Event>
<EventKey><![CDATA[导航]]></EventKey>
</xml>

2016-12-13 08:12:03 params :
------------
String:
array (
  'message' => 
  array (
    'tousername' => 'gh_60c53c6273e4',
    'fromusername' => 'ozJkmt4EVRLFlD56N48B8gfNyaLw',
    'createtime' => '1481587900',
    'msgtype' => 'event',
    'event' => 'CLICK',
    'eventkey' => '导航',
    'from' => 'ozJkmt4EVRLFlD56N48B8gfNyaLw',
    'to' => 'gh_60c53c6273e4',
    'time' => '1481587900',
    'type' => 'text',
    'content' => '导航',
    'redirection' => true,
    'source' => 'click',
  ),
  'module' => 'basic',
  'rule' => '11',
  'priority' => '0',
  'keyword' => 
  array (
    'id' => '20',
    'rid' => '11',
    'uniacid' => '1',
    'module' => 'basic',
    'content' => '导航',
    'type' => '1',
    'displayorder' => '0',
    'status' => '1',
  ),
)

2016-12-13 08:12:03 response :
------------
Array:
FromUserName : gh_60c53c6273e4 ;
ToUserName : ozJkmt4EVRLFlD56N48B8gfNyaLw ;
MsgType : text ;
Content : 微信项目开发，请联系技术微信:215681445 ;

2016-12-13 08:20:25 trace :
------------
String:
<xml><ToUserName><![CDATA[gh_60c53c6273e4]]></ToUserName>
<FromUserName><![CDATA[ozJkmt4EVRLFlD56N48B8gfNyaLw]]></FromUserName>
<CreateTime>1481588394</CreateTime>
<MsgType><![CDATA[text]]></MsgType>
<Content><![CDATA[约爱]]></Content>
<MsgId>6363373698771050913</MsgId>
</xml>

2016-12-13 08:20:25 params :
------------
String:
array (
  'message' => 
  array (
    'tousername' => 'gh_60c53c6273e4',
    'fromusername' => 'ozJkmt4EVRLFlD56N48B8gfNyaLw',
    'createtime' => '1481588394',
    'msgtype' => 'text',
    'content' => '约爱',
    'msgid' => '6363373698771050913',
    'from' => 'ozJkmt4EVRLFlD56N48B8gfNyaLw',
    'to' => 'gh_60c53c6273e4',
    'time' => '1481588394',
    'type' => 'text',
    'event' => NULL,
    'redirection' => false,
    'source' => NULL,
  ),
  'module' => 'cover',
  'rule' => '10',
  'priority' => '0',
  'keyword' => 
  array (
    'id' => '21',
    'rid' => '10',
    'uniacid' => '1',
    'module' => 'cover',
    'content' => '约爱',
    'type' => '1',
    'displayorder' => '0',
    'status' => '1',
  ),
)

2016-12-13 08:20:25 response :
------------
Array:
FromUserName : gh_60c53c6273e4 ;
ToUserName : ozJkmt4EVRLFlD56N48B8gfNyaLw ;
MsgType : news ;
ArticleCount : 1 ;
Articles : Array ;

2016-12-13 08:25:10 trace :
------------
String:
<xml><ToUserName><![CDATA[gh_60c53c6273e4]]></ToUserName>
<FromUserName><![CDATA[ozJkmt4EVRLFlD56N48B8gfNyaLw]]></FromUserName>
<CreateTime>1481588675</CreateTime>
<MsgType><![CDATA[event]]></MsgType>
<Event><![CDATA[CLICK]]></Event>
<EventKey><![CDATA[导航]]></EventKey>
</xml>

2016-12-13 08:25:10 params :
------------
String:
array (
  'message' => 
  array (
    'tousername' => 'gh_60c53c6273e4',
    'fromusername' => 'ozJkmt4EVRLFlD56N48B8gfNyaLw',
    'createtime' => '1481588675',
    'msgtype' => 'event',
    'event' => 'CLICK',
    'eventkey' => '导航',
    'from' => 'ozJkmt4EVRLFlD56N48B8gfNyaLw',
    'to' => 'gh_60c53c6273e4',
    'time' => '1481588675',
    'type' => 'text',
    'content' => '导航',
    'redirection' => true,
    'source' => 'click',
  ),
  'module' => 'basic',
  'rule' => '11',
  'priority' => '0',
  'keyword' => 
  array (
    'id' => '20',
    'rid' => '11',
    'uniacid' => '1',
    'module' => 'basic',
    'content' => '导航',
    'type' => '1',
    'displayorder' => '0',
    'status' => '1',
  ),
)

2016-12-13 08:25:10 response :
------------
Array:
FromUserName : gh_60c53c6273e4 ;
ToUserName : ozJkmt4EVRLFlD56N48B8gfNyaLw ;
MsgType : text ;
Content : 微信项目开发，请联系技术微信:215681445 ;

2016-12-13 08:25:53 trace :
------------
String:
<xml><ToUserName><![CDATA[gh_60c53c6273e4]]></ToUserName>
<FromUserName><![CDATA[ozJkmt4EVRLFlD56N48B8gfNyaLw]]></FromUserName>
<CreateTime>1481588717</CreateTime>
<MsgType><![CDATA[event]]></MsgType>
<Event><![CDATA[unsubscribe]]></Event>
<EventKey><![CDATA[]]></EventKey>
</xml>

2016-12-13 08:32:49 trace :
------------
String:
<xml><ToUserName><![CDATA[gh_60c53c6273e4]]></ToUserName>
<FromUserName><![CDATA[ozJkmt4EVRLFlD56N48B8gfNyaLw]]></FromUserName>
<CreateTime>1481589127</CreateTime>
<MsgType><![CDATA[event]]></MsgType>
<Event><![CDATA[subscribe]]></Event>
<EventKey><![CDATA[qrscene_aa]]></EventKey>
<Ticket><![CDATA[gQFt8DwAAAAAAAAAAS5odHRwOi8vd2VpeGluLnFxLmNvbS9xLzAyMEFPT0l4Y3A4Q1QxMDAwME0wN2MAAgRmNU9YAwQAAAAA]]></Ticket>
</xml>

2016-12-13 08:32:49 params :
------------
String:
array (
  'message' => 
  array (
    'tousername' => 'gh_60c53c6273e4',
    'fromusername' => 'ozJkmt4EVRLFlD56N48B8gfNyaLw',
    'createtime' => '1481589127',
    'msgtype' => 'event',
    'event' => 'subscribe',
    'eventkey' => 'qrscene_aa',
    'ticket' => 'gQFt8DwAAAAAAAAAAS5odHRwOi8vd2VpeGluLnFxLmNvbS9xLzAyMEFPT0l4Y3A4Q1QxMDAwME0wN2MAAgRmNU9YAwQAAAAA',
    'from' => 'ozJkmt4EVRLFlD56N48B8gfNyaLw',
    'to' => 'gh_60c53c6273e4',
    'time' => '1481589127',
    'type' => 'text',
    'scene' => 'aa',
    'redirection' => true,
    'source' => 'qr',
    'content' => '约爱',
  ),
  'module' => 'cover',
  'rule' => '10',
  'priority' => '0',
  'keyword' => 
  array (
    'id' => '21',
    'rid' => '10',
    'uniacid' => '1',
    'module' => 'cover',
    'content' => '约爱',
    'type' => '1',
    'displayorder' => '0',
    'status' => '1',
  ),
)

2016-12-13 08:32:49 response :
------------
Array:
FromUserName : gh_60c53c6273e4 ;
ToUserName : ozJkmt4EVRLFlD56N48B8gfNyaLw ;
MsgType : news ;
ArticleCount : 1 ;
Articles : Array ;

2016-12-13 08:49:50 trace :
------------
String:
<xml><ToUserName><![CDATA[gh_60c53c6273e4]]></ToUserName>
<FromUserName><![CDATA[ozJkmt4EVRLFlD56N48B8gfNyaLw]]></FromUserName>
<CreateTime>1481590189</CreateTime>
<MsgType><![CDATA[event]]></MsgType>
<Event><![CDATA[unsubscribe]]></Event>
<EventKey><![CDATA[]]></EventKey>
</xml>

2016-12-13 08:50:53 trace :
------------
String:
<xml><ToUserName><![CDATA[gh_60c53c6273e4]]></ToUserName>
<FromUserName><![CDATA[ozJkmt4EVRLFlD56N48B8gfNyaLw]]></FromUserName>
<CreateTime>1481590250</CreateTime>
<MsgType><![CDATA[event]]></MsgType>
<Event><![CDATA[subscribe]]></Event>
<EventKey><![CDATA[]]></EventKey>
</xml>

2016-12-13 08:50:53 params :
------------
String:
array (
  'rule' => -2,
  'module' => '',
  'message' => 
  array (
    'tousername' => 'gh_60c53c6273e4',
    'fromusername' => 'ozJkmt4EVRLFlD56N48B8gfNyaLw',
    'createtime' => '1481590250',
    'msgtype' => 'event',
    'event' => 'subscribe',
    'eventkey' => '',
    'from' => 'ozJkmt4EVRLFlD56N48B8gfNyaLw',
    'to' => 'gh_60c53c6273e4',
    'time' => '1481590250',
    'type' => 'text',
    'redirection' => true,
    'source' => 'subscribe',
  ),
)

2016-12-13 08:50:53 response :
------------

2016-12-13 08:51:06 trace :
------------
String:
<xml><ToUserName><![CDATA[gh_60c53c6273e4]]></ToUserName>
<FromUserName><![CDATA[ozJkmt4EVRLFlD56N48B8gfNyaLw]]></FromUserName>
<CreateTime>1481590263</CreateTime>
<MsgType><![CDATA[text]]></MsgType>
<Content><![CDATA[约爱]]></Content>
<MsgId>6363381726064927314</MsgId>
</xml>

2016-12-13 08:51:06 params :
------------
String:
array (
  'message' => 
  array (
    'tousername' => 'gh_60c53c6273e4',
    'fromusername' => 'ozJkmt4EVRLFlD56N48B8gfNyaLw',
    'createtime' => '1481590263',
    'msgtype' => 'text',
    'content' => '约爱',
    'msgid' => '6363381726064927314',
    'from' => 'ozJkmt4EVRLFlD56N48B8gfNyaLw',
    'to' => 'gh_60c53c6273e4',
    'time' => '1481590263',
    'type' => 'text',
    'event' => NULL,
    'redirection' => false,
    'source' => NULL,
  ),
  'module' => 'cover',
  'rule' => '10',
  'priority' => '0',
  'keyword' => 
  array (
    'id' => '21',
    'rid' => '10',
    'uniacid' => '1',
    'module' => 'cover',
    'content' => '约爱',
    'type' => '1',
    'displayorder' => '0',
    'status' => '1',
  ),
)

2016-12-13 08:51:06 response :
------------
Array:
FromUserName : gh_60c53c6273e4 ;
ToUserName : ozJkmt4EVRLFlD56N48B8gfNyaLw ;
MsgType : news ;
ArticleCount : 1 ;
Articles : Array ;

2016-12-13 08:56:50 trace :
------------
String:
<xml><ToUserName><![CDATA[gh_60c53c6273e4]]></ToUserName>
<FromUserName><![CDATA[ozJkmt1L_xp_V4NTo0W6qdlQwAkU]]></FromUserName>
<CreateTime>1481590600</CreateTime>
<MsgType><![CDATA[text]]></MsgType>
<Content><![CDATA[约爱]]></Content>
<MsgId>6363383173468906126</MsgId>
</xml>

2016-12-13 08:56:50 params :
------------
String:
array (
  'message' => 
  array (
    'tousername' => 'gh_60c53c6273e4',
    'fromusername' => 'ozJkmt1L_xp_V4NTo0W6qdlQwAkU',
    'createtime' => '1481590600',
    'msgtype' => 'text',
    'content' => '约爱',
    'msgid' => '6363383173468906126',
    'from' => 'ozJkmt1L_xp_V4NTo0W6qdlQwAkU',
    'to' => 'gh_60c53c6273e4',
    'time' => '1481590600',
    'type' => 'text',
    'event' => NULL,
    'redirection' => false,
    'source' => NULL,
  ),
  'module' => 'cover',
  'rule' => '10',
  'priority' => '0',
  'keyword' => 
  array (
    'id' => '21',
    'rid' => '10',
    'uniacid' => '1',
    'module' => 'cover',
    'content' => '约爱',
    'type' => '1',
    'displayorder' => '0',
    'status' => '1',
  ),
)

2016-12-13 08:56:50 response :
------------
Array:
FromUserName : gh_60c53c6273e4 ;
ToUserName : ozJkmt1L_xp_V4NTo0W6qdlQwAkU ;
MsgType : news ;
ArticleCount : 1 ;
Articles : Array ;

2016-12-13 10:46:52 trace :
------------
String:
<xml><ToUserName><![CDATA[gh_60c53c6273e4]]></ToUserName>
<FromUserName><![CDATA[ozJkmtzgkhi8NlDtvO4fFAfIsgRU]]></FromUserName>
<CreateTime>1481597072</CreateTime>
<MsgType><![CDATA[event]]></MsgType>
<Event><![CDATA[subscribe]]></Event>
<EventKey><![CDATA[qrscene_aa]]></EventKey>
<Ticket><![CDATA[gQFt8DwAAAAAAAAAAS5odHRwOi8vd2VpeGluLnFxLmNvbS9xLzAyMEFPT0l4Y3A4Q1QxMDAwME0wN2MAAgRmNU9YAwQAAAAA]]></Ticket>
</xml>

2016-12-13 10:46:52 params :
------------
String:
array (
  'message' => 
  array (
    'tousername' => 'gh_60c53c6273e4',
    'fromusername' => 'ozJkmtzgkhi8NlDtvO4fFAfIsgRU',
    'createtime' => '1481597072',
    'msgtype' => 'event',
    'event' => 'subscribe',
    'eventkey' => 'qrscene_aa',
    'ticket' => 'gQFt8DwAAAAAAAAAAS5odHRwOi8vd2VpeGluLnFxLmNvbS9xLzAyMEFPT0l4Y3A4Q1QxMDAwME0wN2MAAgRmNU9YAwQAAAAA',
    'from' => 'ozJkmtzgkhi8NlDtvO4fFAfIsgRU',
    'to' => 'gh_60c53c6273e4',
    'time' => '1481597072',
    'type' => 'text',
    'scene' => 'aa',
    'redirection' => true,
    'source' => 'qr',
    'content' => '约爱',
  ),
  'module' => 'cover',
  'rule' => '10',
  'priority' => '0',
  'keyword' => 
  array (
    'id' => '21',
    'rid' => '10',
    'uniacid' => '1',
    'module' => 'cover',
    'content' => '约爱',
    'type' => '1',
    'displayorder' => '0',
    'status' => '1',
  ),
)

2016-12-13 10:46:52 response :
------------
Array:
FromUserName : gh_60c53c6273e4 ;
ToUserName : ozJkmtzgkhi8NlDtvO4fFAfIsgRU ;
MsgType : news ;
ArticleCount : 1 ;
Articles : Array ;

2016-12-13 10:46:54 trace :
------------
String:
<xml><ToUserName><![CDATA[gh_60c53c6273e4]]></ToUserName>
<FromUserName><![CDATA[ozJkmtzgkhi8NlDtvO4fFAfIsgRU]]></FromUserName>
<CreateTime>1481597075</CreateTime>
<MsgType><![CDATA[event]]></MsgType>
<Event><![CDATA[CLICK]]></Event>
<EventKey><![CDATA[导航]]></EventKey>
</xml>

2016-12-13 10:46:54 params :
------------
String:
array (
  'message' => 
  array (
    'tousername' => 'gh_60c53c6273e4',
    'fromusername' => 'ozJkmtzgkhi8NlDtvO4fFAfIsgRU',
    'createtime' => '1481597075',
    'msgtype' => 'event',
    'event' => 'CLICK',
    'eventkey' => '导航',
    'from' => 'ozJkmtzgkhi8NlDtvO4fFAfIsgRU',
    'to' => 'gh_60c53c6273e4',
    'time' => '1481597075',
    'type' => 'text',
    'content' => '导航',
    'redirection' => true,
    'source' => 'click',
  ),
  'module' => 'basic',
  'rule' => '11',
  'priority' => '0',
  'keyword' => 
  array (
    'id' => '20',
    'rid' => '11',
    'uniacid' => '1',
    'module' => 'basic',
    'content' => '导航',
    'type' => '1',
    'displayorder' => '0',
    'status' => '1',
  ),
)

2016-12-13 10:46:54 response :
------------
Array:
FromUserName : gh_60c53c6273e4 ;
ToUserName : ozJkmtzgkhi8NlDtvO4fFAfIsgRU ;
MsgType : text ;
Content : 微信项目开发，请联系技术微信:215681445 ;

2016-12-13 10:48:42 trace :
------------
String:
<xml><ToUserName><![CDATA[gh_60c53c6273e4]]></ToUserName>
<FromUserName><![CDATA[ozJkmtzgkhi8NlDtvO4fFAfIsgRU]]></FromUserName>
<CreateTime>1481597178</CreateTime>
<MsgType><![CDATA[event]]></MsgType>
<Event><![CDATA[CLICK]]></Event>
<EventKey><![CDATA[导航]]></EventKey>
</xml>

2016-12-13 10:48:42 params :
------------
String:
array (
  'message' => 
  array (
    'tousername' => 'gh_60c53c6273e4',
    'fromusername' => 'ozJkmtzgkhi8NlDtvO4fFAfIsgRU',
    'createtime' => '1481597178',
    'msgtype' => 'event',
    'event' => 'CLICK',
    'eventkey' => '导航',
    'from' => 'ozJkmtzgkhi8NlDtvO4fFAfIsgRU',
    'to' => 'gh_60c53c6273e4',
    'time' => '1481597178',
    'type' => 'text',
    'content' => '导航',
    'redirection' => true,
    'source' => 'click',
  ),
  'module' => 'basic',
  'rule' => '11',
  'priority' => '0',
  'keyword' => 
  array (
    'id' => '20',
    'rid' => '11',
    'uniacid' => '1',
    'module' => 'basic',
    'content' => '导航',
    'type' => '1',
    'displayorder' => '0',
    'status' => '1',
  ),
)

2016-12-13 10:48:42 response :
------------
Array:
FromUserName : gh_60c53c6273e4 ;
ToUserName : ozJkmtzgkhi8NlDtvO4fFAfIsgRU ;
MsgType : text ;
Content : 微信项目开发，请联系技术微信:215681445 ;

2016-12-13 14:05:02 trace :
------------
String:
<xml><ToUserName><![CDATA[gh_60c53c6273e4]]></ToUserName>
<FromUserName><![CDATA[ozJkmt5WVyGSfs-fmn3S6lTRKa44]]></FromUserName>
<CreateTime>1481609061</CreateTime>
<MsgType><![CDATA[event]]></MsgType>
<Event><![CDATA[subscribe]]></Event>
<EventKey><![CDATA[qrscene_aa]]></EventKey>
<Ticket><![CDATA[gQFt8DwAAAAAAAAAAS5odHRwOi8vd2VpeGluLnFxLmNvbS9xLzAyMEFPT0l4Y3A4Q1QxMDAwME0wN2MAAgRmNU9YAwQAAAAA]]></Ticket>
</xml>

2016-12-13 14:05:02 params :
------------
String:
array (
  'message' => 
  array (
    'tousername' => 'gh_60c53c6273e4',
    'fromusername' => 'ozJkmt5WVyGSfs-fmn3S6lTRKa44',
    'createtime' => '1481609061',
    'msgtype' => 'event',
    'event' => 'subscribe',
    'eventkey' => 'qrscene_aa',
    'ticket' => 'gQFt8DwAAAAAAAAAAS5odHRwOi8vd2VpeGluLnFxLmNvbS9xLzAyMEFPT0l4Y3A4Q1QxMDAwME0wN2MAAgRmNU9YAwQAAAAA',
    'from' => 'ozJkmt5WVyGSfs-fmn3S6lTRKa44',
    'to' => 'gh_60c53c6273e4',
    'time' => '1481609061',
    'type' => 'text',
    'scene' => 'aa',
    'redirection' => true,
    'source' => 'qr',
    'content' => '约爱',
  ),
  'module' => 'cover',
  'rule' => '10',
  'priority' => '0',
  'keyword' => 
  array (
    'id' => '21',
    'rid' => '10',
    'uniacid' => '1',
    'module' => 'cover',
    'content' => '约爱',
    'type' => '1',
    'displayorder' => '0',
    'status' => '1',
  ),
)

2016-12-13 14:05:02 response :
------------
Array:
FromUserName : gh_60c53c6273e4 ;
ToUserName : ozJkmt5WVyGSfs-fmn3S6lTRKa44 ;
MsgType : news ;
ArticleCount : 1 ;
Articles : Array ;

2016-12-13 14:14:28 trace :
------------
String:
<xml><ToUserName><![CDATA[gh_60c53c6273e4]]></ToUserName>
<FromUserName><![CDATA[ozJkmt5WVyGSfs-fmn3S6lTRKa44]]></FromUserName>
<CreateTime>1481609600</CreateTime>
<MsgType><![CDATA[event]]></MsgType>
<Event><![CDATA[CLICK]]></Event>
<EventKey><![CDATA[导航]]></EventKey>
</xml>

2016-12-13 14:14:28 params :
------------
String:
array (
  'message' => 
  array (
    'tousername' => 'gh_60c53c6273e4',
    'fromusername' => 'ozJkmt5WVyGSfs-fmn3S6lTRKa44',
    'createtime' => '1481609600',
    'msgtype' => 'event',
    'event' => 'CLICK',
    'eventkey' => '导航',
    'from' => 'ozJkmt5WVyGSfs-fmn3S6lTRKa44',
    'to' => 'gh_60c53c6273e4',
    'time' => '1481609600',
    'type' => 'text',
    'content' => '导航',
    'redirection' => true,
    'source' => 'click',
  ),
  'module' => 'basic',
  'rule' => '11',
  'priority' => '0',
  'keyword' => 
  array (
    'id' => '20',
    'rid' => '11',
    'uniacid' => '1',
    'module' => 'basic',
    'content' => '导航',
    'type' => '1',
    'displayorder' => '0',
    'status' => '1',
  ),
)

2016-12-13 14:14:28 response :
------------
Array:
FromUserName : gh_60c53c6273e4 ;
ToUserName : ozJkmt5WVyGSfs-fmn3S6lTRKa44 ;
MsgType : text ;
Content : 微信项目开发，请联系技术微信:215681445 ;

2016-12-13 14:25:08 trace :
------------
String:
<xml><ToUserName><![CDATA[gh_60c53c6273e4]]></ToUserName>
<FromUserName><![CDATA[ozJkmt5WVyGSfs-fmn3S6lTRKa44]]></FromUserName>
<CreateTime>1481610218</CreateTime>
<MsgType><![CDATA[event]]></MsgType>
<Event><![CDATA[CLICK]]></Event>
<EventKey><![CDATA[导航]]></EventKey>
</xml>

2016-12-13 14:25:08 params :
------------
String:
array (
  'message' => 
  array (
    'tousername' => 'gh_60c53c6273e4',
    'fromusername' => 'ozJkmt5WVyGSfs-fmn3S6lTRKa44',
    'createtime' => '1481610218',
    'msgtype' => 'event',
    'event' => 'CLICK',
    'eventkey' => '导航',
    'from' => 'ozJkmt5WVyGSfs-fmn3S6lTRKa44',
    'to' => 'gh_60c53c6273e4',
    'time' => '1481610218',
    'type' => 'text',
    'content' => '导航',
    'redirection' => true,
    'source' => 'click',
  ),
  'module' => 'basic',
  'rule' => '11',
  'priority' => '0',
  'keyword' => 
  array (
    'id' => '20',
    'rid' => '11',
    'uniacid' => '1',
    'module' => 'basic',
    'content' => '导航',
    'type' => '1',
    'displayorder' => '0',
    'status' => '1',
  ),
)

2016-12-13 14:25:08 response :
------------
Array:
FromUserName : gh_60c53c6273e4 ;
ToUserName : ozJkmt5WVyGSfs-fmn3S6lTRKa44 ;
MsgType : text ;
Content : 微信项目开发，请联系技术微信:215681445 ;

2016-12-13 16:19:45 trace :
------------
String:
<xml><ToUserName><![CDATA[gh_60c53c6273e4]]></ToUserName>
<FromUserName><![CDATA[ozJkmt2i0qj5wOdVi4A3myPcMuSk]]></FromUserName>
<CreateTime>1481617147</CreateTime>
<MsgType><![CDATA[event]]></MsgType>
<Event><![CDATA[subscribe]]></Event>
<EventKey><![CDATA[]]></EventKey>
</xml>

2016-12-13 16:19:45 params :
------------
String:
array (
  'rule' => -2,
  'module' => '',
  'message' => 
  array (
    'tousername' => 'gh_60c53c6273e4',
    'fromusername' => 'ozJkmt2i0qj5wOdVi4A3myPcMuSk',
    'createtime' => '1481617147',
    'msgtype' => 'event',
    'event' => 'subscribe',
    'eventkey' => '',
    'from' => 'ozJkmt2i0qj5wOdVi4A3myPcMuSk',
    'to' => 'gh_60c53c6273e4',
    'time' => '1481617147',
    'type' => 'text',
    'redirection' => true,
    'source' => 'subscribe',
  ),
)

2016-12-13 16:19:45 response :
------------

2016-12-13 16:19:52 trace :
------------
String:
<xml><ToUserName><![CDATA[gh_60c53c6273e4]]></ToUserName>
<FromUserName><![CDATA[ozJkmt2i0qj5wOdVi4A3myPcMuSk]]></FromUserName>
<CreateTime>1481617153</CreateTime>
<MsgType><![CDATA[text]]></MsgType>
<Content><![CDATA[约爱]]></Content>
<MsgId>6363497217735522393</MsgId>
</xml>

2016-12-13 16:19:52 params :
------------
String:
array (
  'message' => 
  array (
    'tousername' => 'gh_60c53c6273e4',
    'fromusername' => 'ozJkmt2i0qj5wOdVi4A3myPcMuSk',
    'createtime' => '1481617153',
    'msgtype' => 'text',
    'content' => '约爱',
    'msgid' => '6363497217735522393',
    'from' => 'ozJkmt2i0qj5wOdVi4A3myPcMuSk',
    'to' => 'gh_60c53c6273e4',
    'time' => '1481617153',
    'type' => 'text',
    'event' => NULL,
    'redirection' => false,
    'source' => NULL,
  ),
  'module' => 'cover',
  'rule' => '10',
  'priority' => '0',
  'keyword' => 
  array (
    'id' => '21',
    'rid' => '10',
    'uniacid' => '1',
    'module' => 'cover',
    'content' => '约爱',
    'type' => '1',
    'displayorder' => '0',
    'status' => '1',
  ),
)

2016-12-13 16:19:52 response :
------------
Array:
FromUserName : gh_60c53c6273e4 ;
ToUserName : ozJkmt2i0qj5wOdVi4A3myPcMuSk ;
MsgType : news ;
ArticleCount : 1 ;
Articles : Array ;

2016-12-13 16:21:02 trace :
------------
String:
<xml><ToUserName><![CDATA[gh_60c53c6273e4]]></ToUserName>
<FromUserName><![CDATA[ozJkmt4EVRLFlD56N48B8gfNyaLw]]></FromUserName>
<CreateTime>1481617222</CreateTime>
<MsgType><![CDATA[event]]></MsgType>
<Event><![CDATA[CLICK]]></Event>
<EventKey><![CDATA[导航]]></EventKey>
</xml>

2016-12-13 16:21:02 params :
------------
String:
array (
  'message' => 
  array (
    'tousername' => 'gh_60c53c6273e4',
    'fromusername' => 'ozJkmt4EVRLFlD56N48B8gfNyaLw',
    'createtime' => '1481617222',
    'msgtype' => 'event',
    'event' => 'CLICK',
    'eventkey' => '导航',
    'from' => 'ozJkmt4EVRLFlD56N48B8gfNyaLw',
    'to' => 'gh_60c53c6273e4',
    'time' => '1481617222',
    'type' => 'text',
    'content' => '导航',
    'redirection' => true,
    'source' => 'click',
  ),
  'module' => 'basic',
  'rule' => '11',
  'priority' => '0',
  'keyword' => 
  array (
    'id' => '20',
    'rid' => '11',
    'uniacid' => '1',
    'module' => 'basic',
    'content' => '导航',
    'type' => '1',
    'displayorder' => '0',
    'status' => '1',
  ),
)

2016-12-13 16:21:02 response :
------------
Array:
FromUserName : gh_60c53c6273e4 ;
ToUserName : ozJkmt4EVRLFlD56N48B8gfNyaLw ;
MsgType : text ;
Content : 微信项目开发，请联系技术微信:215681445 ;

2016-12-13 16:24:03 trace :
------------
String:
<xml><ToUserName><![CDATA[gh_60c53c6273e4]]></ToUserName>
<FromUserName><![CDATA[ozJkmt4EVRLFlD56N48B8gfNyaLw]]></FromUserName>
<CreateTime>1481617399</CreateTime>
<MsgType><![CDATA[text]]></MsgType>
<Content><![CDATA[约爱]]></Content>
<MsgId>6363498274297477273</MsgId>
</xml>

2016-12-13 16:24:03 params :
------------
String:
array (
  'message' => 
  array (
    'tousername' => 'gh_60c53c6273e4',
    'fromusername' => 'ozJkmt4EVRLFlD56N48B8gfNyaLw',
    'createtime' => '1481617399',
    'msgtype' => 'text',
    'content' => '约爱',
    'msgid' => '6363498274297477273',
    'from' => 'ozJkmt4EVRLFlD56N48B8gfNyaLw',
    'to' => 'gh_60c53c6273e4',
    'time' => '1481617399',
    'type' => 'text',
    'event' => NULL,
    'redirection' => false,
    'source' => NULL,
  ),
  'module' => 'cover',
  'rule' => '10',
  'priority' => '0',
  'keyword' => 
  array (
    'id' => '21',
    'rid' => '10',
    'uniacid' => '1',
    'module' => 'cover',
    'content' => '约爱',
    'type' => '1',
    'displayorder' => '0',
    'status' => '1',
  ),
)

2016-12-13 16:24:03 response :
------------
Array:
FromUserName : gh_60c53c6273e4 ;
ToUserName : ozJkmt4EVRLFlD56N48B8gfNyaLw ;
MsgType : news ;
ArticleCount : 1 ;
Articles : Array ;

2016-12-13 16:24:36 trace :
------------
String:
<xml><ToUserName><![CDATA[gh_60c53c6273e4]]></ToUserName>
<FromUserName><![CDATA[ozJkmt2i0qj5wOdVi4A3myPcMuSk]]></FromUserName>
<CreateTime>1481617431</CreateTime>
<MsgType><![CDATA[event]]></MsgType>
<Event><![CDATA[unsubscribe]]></Event>
<EventKey><![CDATA[]]></EventKey>
</xml>

2016-12-13 16:56:05 trace :
------------
String:
<xml><ToUserName><![CDATA[gh_60c53c6273e4]]></ToUserName>
<FromUserName><![CDATA[ozJkmt5WVyGSfs-fmn3S6lTRKa44]]></FromUserName>
<CreateTime>1481619332</CreateTime>
<MsgType><![CDATA[event]]></MsgType>
<Event><![CDATA[CLICK]]></Event>
<EventKey><![CDATA[导航]]></EventKey>
</xml>

2016-12-13 16:56:05 params :
------------
String:
array (
  'message' => 
  array (
    'tousername' => 'gh_60c53c6273e4',
    'fromusername' => 'ozJkmt5WVyGSfs-fmn3S6lTRKa44',
    'createtime' => '1481619332',
    'msgtype' => 'event',
    'event' => 'CLICK',
    'eventkey' => '导航',
    'from' => 'ozJkmt5WVyGSfs-fmn3S6lTRKa44',
    'to' => 'gh_60c53c6273e4',
    'time' => '1481619332',
    'type' => 'text',
    'content' => '导航',
    'redirection' => true,
    'source' => 'click',
  ),
  'module' => 'basic',
  'rule' => '11',
  'priority' => '0',
  'keyword' => 
  array (
    'id' => '20',
    'rid' => '11',
    'uniacid' => '1',
    'module' => 'basic',
    'content' => '导航',
    'type' => '1',
    'displayorder' => '0',
    'status' => '1',
  ),
)

2016-12-13 16:56:05 response :
------------
Array:
FromUserName : gh_60c53c6273e4 ;
ToUserName : ozJkmt5WVyGSfs-fmn3S6lTRKa44 ;
MsgType : text ;
Content : 微信项目开发，请联系技术微信:215681445 ;

2016-12-13 16:56:41 trace :
------------
String:
<xml><ToUserName><![CDATA[gh_60c53c6273e4]]></ToUserName>
<FromUserName><![CDATA[ozJkmt5WVyGSfs-fmn3S6lTRKa44]]></FromUserName>
<CreateTime>1481619367</CreateTime>
<MsgType><![CDATA[event]]></MsgType>
<Event><![CDATA[CLICK]]></Event>
<EventKey><![CDATA[导航]]></EventKey>
</xml>

2016-12-13 16:56:41 params :
------------
String:
array (
  'message' => 
  array (
    'tousername' => 'gh_60c53c6273e4',
    'fromusername' => 'ozJkmt5WVyGSfs-fmn3S6lTRKa44',
    'createtime' => '1481619367',
    'msgtype' => 'event',
    'event' => 'CLICK',
    'eventkey' => '导航',
    'from' => 'ozJkmt5WVyGSfs-fmn3S6lTRKa44',
    'to' => 'gh_60c53c6273e4',
    'time' => '1481619367',
    'type' => 'text',
    'content' => '导航',
    'redirection' => true,
    'source' => 'click',
  ),
  'module' => 'basic',
  'rule' => '11',
  'priority' => '0',
  'keyword' => 
  array (
    'id' => '20',
    'rid' => '11',
    'uniacid' => '1',
    'module' => 'basic',
    'content' => '导航',
    'type' => '1',
    'displayorder' => '0',
    'status' => '1',
  ),
)

2016-12-13 16:56:41 response :
------------
Array:
FromUserName : gh_60c53c6273e4 ;
ToUserName : ozJkmt5WVyGSfs-fmn3S6lTRKa44 ;
MsgType : text ;
Content : 微信项目开发，请联系技术微信:215681445 ;

2016-12-13 17:13:05 trace :
------------
String:
<xml><ToUserName><![CDATA[gh_60c53c6273e4]]></ToUserName>
<FromUserName><![CDATA[ozJkmt2P-1qjjZWuk4FkdgCo8a9Q]]></FromUserName>
<CreateTime>1481620328</CreateTime>
<MsgType><![CDATA[event]]></MsgType>
<Event><![CDATA[unsubscribe]]></Event>
<EventKey><![CDATA[]]></EventKey>
</xml>

2016-12-13 18:58:39 trace :
------------
String:
<xml><ToUserName><![CDATA[gh_60c53c6273e4]]></ToUserName>
<FromUserName><![CDATA[ozJkmt-hPB7SLQ6zLlP7_Fmb22zg]]></FromUserName>
<CreateTime>1481626643</CreateTime>
<MsgType><![CDATA[event]]></MsgType>
<Event><![CDATA[subscribe]]></Event>
<EventKey><![CDATA[qrscene_aa]]></EventKey>
<Ticket><![CDATA[gQFt8DwAAAAAAAAAAS5odHRwOi8vd2VpeGluLnFxLmNvbS9xLzAyMEFPT0l4Y3A4Q1QxMDAwME0wN2MAAgRmNU9YAwQAAAAA]]></Ticket>
</xml>

2016-12-13 18:58:39 params :
------------
String:
array (
  'message' => 
  array (
    'tousername' => 'gh_60c53c6273e4',
    'fromusername' => 'ozJkmt-hPB7SLQ6zLlP7_Fmb22zg',
    'createtime' => '1481626643',
    'msgtype' => 'event',
    'event' => 'subscribe',
    'eventkey' => 'qrscene_aa',
    'ticket' => 'gQFt8DwAAAAAAAAAAS5odHRwOi8vd2VpeGluLnFxLmNvbS9xLzAyMEFPT0l4Y3A4Q1QxMDAwME0wN2MAAgRmNU9YAwQAAAAA',
    'from' => 'ozJkmt-hPB7SLQ6zLlP7_Fmb22zg',
    'to' => 'gh_60c53c6273e4',
    'time' => '1481626643',
    'type' => 'text',
    'scene' => 'aa',
    'redirection' => true,
    'source' => 'qr',
    'content' => '约爱',
  ),
  'module' => 'cover',
  'rule' => '10',
  'priority' => '0',
  'keyword' => 
  array (
    'id' => '21',
    'rid' => '10',
    'uniacid' => '1',
    'module' => 'cover',
    'content' => '约爱',
    'type' => '1',
    'displayorder' => '0',
    'status' => '1',
  ),
)

2016-12-13 18:58:39 response :
------------
Array:
FromUserName : gh_60c53c6273e4 ;
ToUserName : ozJkmt-hPB7SLQ6zLlP7_Fmb22zg ;
MsgType : news ;
ArticleCount : 1 ;
Articles : Array ;

2016-12-13 19:08:53 trace :
------------
String:
<xml><ToUserName><![CDATA[gh_60c53c6273e4]]></ToUserName>
<FromUserName><![CDATA[ozJkmt6xBuBWmm7vSYbmBSMl4ttU]]></FromUserName>
<CreateTime>1481627242</CreateTime>
<MsgType><![CDATA[event]]></MsgType>
<Event><![CDATA[unsubscribe]]></Event>
<EventKey><![CDATA[]]></EventKey>
</xml>

2016-12-13 22:18:55 trace :
------------
String:
<xml><ToUserName><![CDATA[gh_60c53c6273e4]]></ToUserName>
<FromUserName><![CDATA[ozJkmt6H4BOlCnatwfU43jgfnXuM]]></FromUserName>
<CreateTime>1481638679</CreateTime>
<MsgType><![CDATA[event]]></MsgType>
<Event><![CDATA[CLICK]]></Event>
<EventKey><![CDATA[导航]]></EventKey>
</xml>

2016-12-13 22:18:55 params :
------------
String:
array (
  'message' => 
  array (
    'tousername' => 'gh_60c53c6273e4',
    'fromusername' => 'ozJkmt6H4BOlCnatwfU43jgfnXuM',
    'createtime' => '1481638679',
    'msgtype' => 'event',
    'event' => 'CLICK',
    'eventkey' => '导航',
    'from' => 'ozJkmt6H4BOlCnatwfU43jgfnXuM',
    'to' => 'gh_60c53c6273e4',
    'time' => '1481638679',
    'type' => 'text',
    'content' => '导航',
    'redirection' => true,
    'source' => 'click',
  ),
  'module' => 'basic',
  'rule' => '11',
  'priority' => '0',
  'keyword' => 
  array (
    'id' => '20',
    'rid' => '11',
    'uniacid' => '1',
    'module' => 'basic',
    'content' => '导航',
    'type' => '1',
    'displayorder' => '0',
    'status' => '1',
  ),
)

2016-12-13 22:18:55 response :
------------
Array:
FromUserName : gh_60c53c6273e4 ;
ToUserName : ozJkmt6H4BOlCnatwfU43jgfnXuM ;
MsgType : text ;
Content : 微信项目开发，请联系技术微信:215681445 ;

2016-12-13 22:19:13 trace :
------------
String:
<xml><ToUserName><![CDATA[gh_60c53c6273e4]]></ToUserName>
<FromUserName><![CDATA[ozJkmt6H4BOlCnatwfU43jgfnXuM]]></FromUserName>
<CreateTime>1481638696</CreateTime>
<MsgType><![CDATA[text]]></MsgType>
<Content><![CDATA[操你妈]]></Content>
<MsgId>6363589744215984741</MsgId>
</xml>

2016-12-13 22:19:13 params :
------------
String:
array (
  'rule' => -2,
  'module' => '',
  'message' => 
  array (
    'tousername' => 'gh_60c53c6273e4',
    'fromusername' => 'ozJkmt6H4BOlCnatwfU43jgfnXuM',
    'createtime' => '1481638696',
    'msgtype' => 'text',
    'content' => '操你妈',
    'msgid' => '6363589744215984741',
    'from' => 'ozJkmt6H4BOlCnatwfU43jgfnXuM',
    'to' => 'gh_60c53c6273e4',
    'time' => '1481638696',
    'type' => 'text',
    'event' => NULL,
    'redirection' => false,
    'source' => NULL,
  ),
)

2016-12-13 22:19:13 response :
------------

