2016-11-03 10:49:22 trace :
------------
String:
<xml><ToUserName><![CDATA[gh_60c53c6273e4]]></ToUserName>
<FromUserName><![CDATA[ozJkmt4EVRLFlD56N48B8gfNyaLw]]></FromUserName>
<CreateTime>1478141990</CreateTime>
<MsgType><![CDATA[event]]></MsgType>
<Event><![CDATA[VIEW]]></Event>
<EventKey><![CDATA[http://www.sktdi.com/index.php?s=/Home/Index/index/smappid/7da0c006d2e4d9805738f886ba144546.html]]></EventKey>
<MenuId>407178882</MenuId>
</xml>

2016-11-03 10:49:22 params :
------------
String:
array (
  'rule' => -2,
  'module' => '',
  'message' => 
  array (
    'tousername' => 'gh_60c53c6273e4',
    'fromusername' => 'ozJkmt4EVRLFlD56N48B8gfNyaLw',
    'createtime' => '1478141990',
    'msgtype' => 'event',
    'event' => 'VIEW',
    'eventkey' => 'http://www.sktdi.com/index.php?s=/Home/Index/index/smappid/7da0c006d2e4d9805738f886ba144546.html',
    'menuid' => '407178882',
    'from' => 'ozJkmt4EVRLFlD56N48B8gfNyaLw',
    'to' => 'gh_60c53c6273e4',
    'time' => '1478141990',
    'type' => 'text',
    'content' => 'http://www.sktdi.com/index.php?s=/Home/Index/index/smappid/7da0c006d2e4d9805738f886ba144546.html',
    'redirection' => true,
    'source' => 'VIEW',
  ),
)

2016-11-03 10:49:22 response :
------------

2016-11-03 10:49:33 trace :
------------
String:
<xml><ToUserName><![CDATA[gh_60c53c6273e4]]></ToUserName>
<FromUserName><![CDATA[ozJkmt4EVRLFlD56N48B8gfNyaLw]]></FromUserName>
<CreateTime>1478142000</CreateTime>
<MsgType><![CDATA[event]]></MsgType>
<Event><![CDATA[VIEW]]></Event>
<EventKey><![CDATA[http://www.sktdi.com/index.php?s=/Home/Wechat/sixin.html]]></EventKey>
<MenuId>407178882</MenuId>
</xml>

2016-11-03 10:49:33 params :
------------
String:
array (
  'rule' => -2,
  'module' => '',
  'message' => 
  array (
    'tousername' => 'gh_60c53c6273e4',
    'fromusername' => 'ozJkmt4EVRLFlD56N48B8gfNyaLw',
    'createtime' => '1478142000',
    'msgtype' => 'event',
    'event' => 'VIEW',
    'eventkey' => 'http://www.sktdi.com/index.php?s=/Home/Wechat/sixin.html',
    'menuid' => '407178882',
    'from' => 'ozJkmt4EVRLFlD56N48B8gfNyaLw',
    'to' => 'gh_60c53c6273e4',
    'time' => '1478142000',
    'type' => 'text',
    'content' => 'http://www.sktdi.com/index.php?s=/Home/Wechat/sixin.html',
    'redirection' => true,
    'source' => 'VIEW',
  ),
)

2016-11-03 10:49:33 response :
------------

2016-11-03 12:23:48 trace :
------------
String:
<xml><ToUserName><![CDATA[gh_60c53c6273e4]]></ToUserName>
<FromUserName><![CDATA[ozJkmt4EVRLFlD56N48B8gfNyaLw]]></FromUserName>
<CreateTime>1478147655</CreateTime>
<MsgType><![CDATA[text]]></MsgType>
<Content><![CDATA[tuijiele.com.cn ]]></Content>
<MsgId>6348595837291282693</MsgId>
</xml>

2016-11-03 12:23:48 params :
------------
String:
array (
  'rule' => -2,
  'module' => '',
  'message' => 
  array (
    'tousername' => 'gh_60c53c6273e4',
    'fromusername' => 'ozJkmt4EVRLFlD56N48B8gfNyaLw',
    'createtime' => '1478147655',
    'msgtype' => 'text',
    'content' => 'tuijiele.com.cn ',
    'msgid' => '6348595837291282693',
    'from' => 'ozJkmt4EVRLFlD56N48B8gfNyaLw',
    'to' => 'gh_60c53c6273e4',
    'time' => '1478147655',
    'type' => 'text',
    'event' => NULL,
    'redirection' => false,
    'source' => NULL,
  ),
)

2016-11-03 12:23:48 response :
------------

2016-11-03 18:55:40 trace :
------------
String:
<xml><ToUserName><![CDATA[gh_60c53c6273e4]]></ToUserName>
<FromUserName><![CDATA[ozJkmtyFeHgvDUOyHD3uxXtR6ySw]]></FromUserName>
<CreateTime>1478171168</CreateTime>
<MsgType><![CDATA[event]]></MsgType>
<Event><![CDATA[unsubscribe]]></Event>
<EventKey><![CDATA[]]></EventKey>
</xml>

2016-11-03 20:27:44 trace :
------------
String:
<xml><ToUserName><![CDATA[gh_60c53c6273e4]]></ToUserName>
<FromUserName><![CDATA[ozJkmt4EVRLFlD56N48B8gfNyaLw]]></FromUserName>
<CreateTime>1478176692</CreateTime>
<MsgType><![CDATA[event]]></MsgType>
<Event><![CDATA[LOCATION]]></Event>
<Latitude>23.347473</Latitude>
<Longitude>113.286758</Longitude>
<Precision>65.000000</Precision>
</xml>

2016-11-03 20:27:44 params :
------------
String:
array (
  'message' => 
  array (
    'tousername' => 'gh_60c53c6273e4',
    'fromusername' => 'ozJkmt4EVRLFlD56N48B8gfNyaLw',
    'createtime' => '1478176692',
    'msgtype' => 'event',
    'event' => 'LOCATION',
    'latitude' => '23.347473',
    'longitude' => '113.286758',
    'precision' => '65.000000',
    'from' => 'ozJkmt4EVRLFlD56N48B8gfNyaLw',
    'to' => 'gh_60c53c6273e4',
    'time' => '1478176692',
    'type' => 'trace',
    'location_x' => '23.347473',
    'location_y' => '113.286758',
  ),
  'module' => 'default',
  'rule' => '-1',
)

2016-11-03 20:27:44 response :
------------
Array:
errno : -1 ;
message : Invaild value ;

